<?xml version="1.0" encoding="UTF-8"?>
<testsuite xmlns:xsi="http://www.w3.org/2001/XMLSchema-instance" xsi:noNamespaceSchemaLocation="https://maven.apache.org/surefire/maven-surefire-plugin/xsd/surefire-test-report-3.0.xsd" version="3.0" name="TestSuite" time="1.533" tests="25" errors="0" skipped="11" failures="10">
  <properties>
    <property name="java.specification.version" value="17"/>
    <property name="sun.cpu.isalist" value="amd64"/>
    <property name="sun.jnu.encoding" value="Cp1252"/>
    <property name="java.class.path" value="C:\STS\sts-4.19.0.RELEASE\plugins\org.eclipse.m2e.maven.runtime_3.9.100.20230519-1558\jars\plexus-classworlds-2.6.0.jar"/>
    <property name="java.vm.vendor" value="Eclipse Adoptium"/>
    <property name="sun.arch.data.model" value="64"/>
    <property name="user.variant" value=""/>
    <property name="java.vendor.url" value="https://adoptium.net/"/>
    <property name="user.timezone" value="Asia/Calcutta"/>
    <property name="java.vm.specification.version" value="17"/>
    <property name="os.name" value="Windows 11"/>
    <property name="sun.java.launcher" value="SUN_STANDARD"/>
    <property name="user.country" value="IN"/>
    <property name="sun.boot.library.path" value="C:\STS\sts-4.19.0.RELEASE\plugins\org.eclipse.justj.openjdk.hotspot.jre.full.win32.x86_64_17.0.7.v20230425-1502\jre\bin"/>
    <property name="sun.java.command" value="org.codehaus.plexus.classworlds.launcher.Launcher -B -Dstyle.color=always test"/>
    <property name="jdk.debug" value="release"/>
    <property name="maven.home" value="C:\Users\satish\Documents\workspace-spring-tool-suite-4-4.19.0.RELEASE\Sita-master\EMBEDDED"/>
    <property name="surefire.test.class.path" value="C:\Users\satish\Documents\workspace-spring-tool-suite-4-4.19.0.RELEASE\Sita-master\target\test-classes;C:\Users\satish\Documents\workspace-spring-tool-suite-4-4.19.0.RELEASE\Sita-master\target\classes;C:\Users\satish\.m2\repository\org\slf4j\slf4j-simple\1.6.1\slf4j-simple-1.6.1.jar;C:\Users\satish\.m2\repository\org\slf4j\slf4j-api\1.6.1\slf4j-api-1.6.1.jar;C:\Users\satish\.m2\repository\com\aventstack\extentreports\4.0.9\extentreports-4.0.9.jar;C:\Users\satish\.m2\repository\org\freemarker\freemarker\2.3.23\freemarker-2.3.23.jar;C:\Users\satish\.m2\repository\org\mongodb\mongodb-driver\3.3.0\mongodb-driver-3.3.0.jar;C:\Users\satish\.m2\repository\org\mongodb\mongodb-driver-core\3.3.0\mongodb-driver-core-3.3.0.jar;C:\Users\satish\.m2\repository\org\mongodb\bson\3.3.0\bson-3.3.0.jar;C:\Users\satish\.m2\repository\org\apache\httpcomponents\httpclient\4.5.2\httpclient-4.5.2.jar;C:\Users\satish\.m2\repository\org\apache\httpcomponents\httpcore\4.4.4\httpcore-4.4.4.jar;C:\Users\satish\.m2\repository\commons-codec\commons-codec\1.9\commons-codec-1.9.jar;C:\Users\satish\.m2\repository\org\apache\httpcomponents\httpmime\4.5.2\httpmime-4.5.2.jar;C:\Users\satish\.m2\repository\com\google\code\gson\gson\2.8.5\gson-2.8.5.jar;C:\Users\satish\.m2\repository\com\relevantcodes\extentreports\2.41.2\extentreports-2.41.2.jar;C:\Users\satish\.m2\repository\org\jsoup\jsoup\1.8.3\jsoup-1.8.3.jar;C:\Users\satish\.m2\repository\org\xerial\sqlite-jdbc\3.8.11.1\sqlite-jdbc-3.8.11.1.jar;C:\Users\satish\.m2\repository\org\testng\testng\7.9.0\testng-7.9.0.jar;C:\Users\satish\.m2\repository\com\beust\jcommander\1.82\jcommander-1.82.jar;C:\Users\satish\.m2\repository\org\webjars\jquery\3.7.1\jquery-3.7.1.jar;C:\Users\satish\.m2\repository\io\appium\java-client\7.6.0\java-client-7.6.0.jar;C:\Users\satish\.m2\repository\org\seleniumhq\selenium\selenium-java\3.141.59\selenium-java-3.141.59.jar;C:\Users\satish\.m2\repository\org\seleniumhq\selenium\selenium-chrome-driver\3.141.59\selenium-chrome-driver-3.141.59.jar;C:\Users\satish\.m2\repository\org\seleniumhq\selenium\selenium-edge-driver\3.141.59\selenium-edge-driver-3.141.59.jar;C:\Users\satish\.m2\repository\org\seleniumhq\selenium\selenium-firefox-driver\3.141.59\selenium-firefox-driver-3.141.59.jar;C:\Users\satish\.m2\repository\org\seleniumhq\selenium\selenium-ie-driver\3.141.59\selenium-ie-driver-3.141.59.jar;C:\Users\satish\.m2\repository\org\seleniumhq\selenium\selenium-opera-driver\3.141.59\selenium-opera-driver-3.141.59.jar;C:\Users\satish\.m2\repository\org\seleniumhq\selenium\selenium-remote-driver\3.141.59\selenium-remote-driver-3.141.59.jar;C:\Users\satish\.m2\repository\org\seleniumhq\selenium\selenium-safari-driver\3.141.59\selenium-safari-driver-3.141.59.jar;C:\Users\satish\.m2\repository\net\bytebuddy\byte-buddy\1.8.15\byte-buddy-1.8.15.jar;C:\Users\satish\.m2\repository\org\apache\commons\commons-exec\1.3\commons-exec-1.3.jar;C:\Users\satish\.m2\repository\com\squareup\okhttp3\okhttp\3.11.0\okhttp-3.11.0.jar;C:\Users\satish\.m2\repository\com\squareup\okio\okio\1.14.0\okio-1.14.0.jar;C:\Users\satish\.m2\repository\org\seleniumhq\selenium\selenium-support\3.141.59\selenium-support-3.141.59.jar;C:\Users\satish\.m2\repository\org\seleniumhq\selenium\selenium-api\3.141.59\selenium-api-3.141.59.jar;C:\Users\satish\.m2\repository\cglib\cglib\3.3.0\cglib-3.3.0.jar;C:\Users\satish\.m2\repository\org\ow2\asm\asm\7.1\asm-7.1.jar;C:\Users\satish\.m2\repository\commons-validator\commons-validator\1.7\commons-validator-1.7.jar;C:\Users\satish\.m2\repository\commons-digester\commons-digester\2.1\commons-digester-2.1.jar;C:\Users\satish\.m2\repository\commons-collections\commons-collections\3.2.2\commons-collections-3.2.2.jar;C:\Users\satish\.m2\repository\org\apache\commons\commons-lang3\3.12.0\commons-lang3-3.12.0.jar;C:\Users\satish\.m2\repository\org\springframework\spring-context\5.3.10\spring-context-5.3.10.jar;C:\Users\satish\.m2\repository\org\springframework\spring-aop\5.3.10\spring-aop-5.3.10.jar;C:\Users\satish\.m2\repository\org\springframework\spring-beans\5.3.10\spring-beans-5.3.10.jar;C:\Users\satish\.m2\repository\org\springframework\spring-core\5.3.10\spring-core-5.3.10.jar;C:\Users\satish\.m2\repository\org\springframework\spring-jcl\5.3.10\spring-jcl-5.3.10.jar;C:\Users\satish\.m2\repository\org\springframework\spring-expression\5.3.10\spring-expression-5.3.10.jar;C:\Users\satish\.m2\repository\org\aspectj\aspectjweaver\1.9.7\aspectjweaver-1.9.7.jar;C:\Users\satish\.m2\repository\org\java-websocket\Java-WebSocket\1.5.3\Java-WebSocket-1.5.3.jar;C:\Users\satish\.m2\repository\io\cucumber\cucumber-testng\4.2.0\cucumber-testng-4.2.0.jar;C:\Users\satish\.m2\repository\io\cucumber\cucumber-core\4.2.0\cucumber-core-4.2.0.jar;C:\Users\satish\.m2\repository\io\cucumber\cucumber-html\0.2.7\cucumber-html-0.2.7.jar;C:\Users\satish\.m2\repository\io\cucumber\tag-expressions\1.1.1\tag-expressions-1.1.1.jar;C:\Users\satish\.m2\repository\io\cucumber\cucumber-expressions\6.2.0\cucumber-expressions-6.2.0.jar;C:\Users\satish\.m2\repository\io\cucumber\datatable\1.1.7\datatable-1.1.7.jar;C:\Users\satish\.m2\repository\io\cucumber\datatable-dependencies\1.1.7\datatable-dependencies-1.1.7.jar;C:\Users\satish\.m2\repository\io\cucumber\cucumber-picocontainer\4.2.0\cucumber-picocontainer-4.2.0.jar;C:\Users\satish\.m2\repository\io\cucumber\gherkin\5.1.0\gherkin-5.1.0.jar;C:\Users\satish\.m2\repository\org\picocontainer\picocontainer\2.15\picocontainer-2.15.jar;C:\Users\satish\.m2\repository\io\cucumber\cucumber-java\4.2.0\cucumber-java-4.2.0.jar;C:\Users\satish\.m2\repository\io\cucumber\cucumber-jvm-deps\1.0.6\cucumber-jvm-deps-1.0.6.jar;C:\Users\satish\.m2\repository\net\masterthought\cucumber-reporting\3.8.0\cucumber-reporting-3.8.0.jar;C:\Users\satish\.m2\repository\org\apache\logging\log4j\log4j-api\2.6\log4j-api-2.6.jar;C:\Users\satish\.m2\repository\org\apache\logging\log4j\log4j-core\2.6\log4j-core-2.6.jar;C:\Users\satish\.m2\repository\org\apache\velocity\velocity\1.7\velocity-1.7.jar;C:\Users\satish\.m2\repository\commons-lang\commons-lang\2.4\commons-lang-2.4.jar;C:\Users\satish\.m2\repository\velocity-tools\velocity-tools\1.4\velocity-tools-1.4.jar;C:\Users\satish\.m2\repository\joda-time\joda-time\2.9.6\joda-time-2.9.6.jar;C:\Users\satish\.m2\repository\net\lingala\zip4j\zip4j\1.3.2\zip4j-1.3.2.jar;C:\Users\satish\.m2\repository\org\codehaus\plexus\plexus-utils\3.0.24\plexus-utils-3.0.24.jar;C:\Users\satish\.m2\repository\com\googlecode\owasp-java-html-sanitizer\owasp-java-html-sanitizer\20160924.1\owasp-java-html-sanitizer-20160924.1.jar;C:\Users\satish\.m2\repository\org\apache\poi\poi-ooxml\3.9\poi-ooxml-3.9.jar;C:\Users\satish\.m2\repository\org\apache\poi\poi\3.9\poi-3.9.jar;C:\Users\satish\.m2\repository\org\apache\poi\poi-ooxml-schemas\3.9\poi-ooxml-schemas-3.9.jar;C:\Users\satish\.m2\repository\org\apache\xmlbeans\xmlbeans\2.3.0\xmlbeans-2.3.0.jar;C:\Users\satish\.m2\repository\stax\stax-api\1.0.1\stax-api-1.0.1.jar;C:\Users\satish\.m2\repository\dom4j\dom4j\1.6.1\dom4j-1.6.1.jar;C:\Users\satish\.m2\repository\xml-apis\xml-apis\1.0.b2\xml-apis-1.0.b2.jar;C:\Users\satish\.m2\repository\org\apache\pdfbox\pdfbox\2.0.11\pdfbox-2.0.11.jar;C:\Users\satish\.m2\repository\org\apache\pdfbox\fontbox\2.0.11\fontbox-2.0.11.jar;C:\Users\satish\.m2\repository\commons-logging\commons-logging\1.2\commons-logging-1.2.jar;C:\Users\satish\.m2\repository\junit\junit\4.12\junit-4.12.jar;C:\Users\satish\.m2\repository\org\hamcrest\hamcrest-core\1.3\hamcrest-core-1.3.jar;C:\Users\satish\.m2\repository\com\codoid\products\fillo\1.16\fillo-1.16.jar;C:\Users\satish\.m2\repository\net\lightbody\bmp\browsermob-core\2.1.5\browsermob-core-2.1.5.jar;C:\Users\satish\.m2\repository\net\lightbody\bmp\littleproxy\1.1.0-beta-bmp-17\littleproxy-1.1.0-beta-bmp-17.jar;C:\Users\satish\.m2\repository\dnsjava\dnsjava\2.1.8\dnsjava-2.1.8.jar;C:\Users\satish\.m2\repository\org\slf4j\jcl-over-slf4j\1.7.25\jcl-over-slf4j-1.7.25.jar;C:\Users\satish\.m2\repository\com\jcraft\jzlib\1.1.3\jzlib-1.1.3.jar;C:\Users\satish\.m2\repository\io\netty\netty-all\4.0.51.Final\netty-all-4.0.51.Final.jar;C:\Users\satish\.m2\repository\org\bouncycastle\bcprov-jdk15on\1.58\bcprov-jdk15on-1.58.jar;C:\Users\satish\.m2\repository\org\bouncycastle\bcpkix-jdk15on\1.58\bcpkix-jdk15on-1.58.jar;C:\Users\satish\.m2\repository\net\lightbody\bmp\mitm\2.1.5\mitm-2.1.5.jar;C:\Users\satish\.m2\repository\com\google\guava\guava\26.0-jre\guava-26.0-jre.jar;C:\Users\satish\.m2\repository\com\google\code\findbugs\jsr305\3.0.2\jsr305-3.0.2.jar;C:\Users\satish\.m2\repository\org\checkerframework\checker-qual\2.5.2\checker-qual-2.5.2.jar;C:\Users\satish\.m2\repository\com\google\errorprone\error_prone_annotations\2.1.3\error_prone_annotations-2.1.3.jar;C:\Users\satish\.m2\repository\com\google\j2objc\j2objc-annotations\1.1\j2objc-annotations-1.1.jar;C:\Users\satish\.m2\repository\org\codehaus\mojo\animal-sniffer-annotations\1.14\animal-sniffer-annotations-1.14.jar;C:\Users\satish\.m2\repository\org\glassfish\jersey\inject\jersey-hk2\2.27\jersey-hk2-2.27.jar;C:\Users\satish\.m2\repository\org\glassfish\hk2\hk2-locator\2.5.0-b42\hk2-locator-2.5.0-b42.jar;C:\Users\satish\.m2\repository\org\glassfish\hk2\external\aopalliance-repackaged\2.5.0-b42\aopalliance-repackaged-2.5.0-b42.jar;C:\Users\satish\.m2\repository\org\glassfish\hk2\hk2-api\2.5.0-b42\hk2-api-2.5.0-b42.jar;C:\Users\satish\.m2\repository\javax\inject\javax.inject\1\javax.inject-1.jar;C:\Users\satish\.m2\repository\org\glassfish\hk2\hk2-utils\2.5.0-b42\hk2-utils-2.5.0-b42.jar;C:\Users\satish\.m2\repository\org\javassist\javassist\3.22.0-CR2\javassist-3.22.0-CR2.jar;C:\Users\satish\.m2\repository\org\eclipse\jetty\jetty-servlet\9.4.11.v20180605\jetty-servlet-9.4.11.v20180605.jar;C:\Users\satish\.m2\repository\org\eclipse\jetty\jetty-security\9.4.11.v20180605\jetty-security-9.4.11.v20180605.jar;C:\Users\satish\.m2\repository\org\eclipse\jetty\jetty-server\9.4.11.v20180605\jetty-server-9.4.11.v20180605.jar;C:\Users\satish\.m2\repository\javax\servlet\javax.servlet-api\3.1.0\javax.servlet-api-3.1.0.jar;C:\Users\satish\.m2\repository\org\eclipse\jetty\jetty-http\9.4.11.v20180605\jetty-http-9.4.11.v20180605.jar;C:\Users\satish\.m2\repository\org\eclipse\jetty\jetty-util\9.4.11.v20180605\jetty-util-9.4.11.v20180605.jar;C:\Users\satish\.m2\repository\org\eclipse\jetty\jetty-io\9.4.11.v20180605\jetty-io-9.4.11.v20180605.jar;C:\Users\satish\.m2\repository\org\eclipse\jetty\jetty-http-spi\9.4.11.v20180605\jetty-http-spi-9.4.11.v20180605.jar;C:\Users\satish\.m2\repository\commons-io\commons-io\2.5\commons-io-2.5.jar;C:\Users\satish\.m2\repository\org\glassfish\jersey\core\jersey-server\2.27\jersey-server-2.27.jar;C:\Users\satish\.m2\repository\org\glassfish\jersey\core\jersey-client\2.27\jersey-client-2.27.jar;C:\Users\satish\.m2\repository\javax\ws\rs\javax.ws.rs-api\2.1\javax.ws.rs-api-2.1.jar;C:\Users\satish\.m2\repository\org\glassfish\jersey\media\jersey-media-jaxb\2.27\jersey-media-jaxb-2.27.jar;C:\Users\satish\.m2\repository\javax\annotation\javax.annotation-api\1.2\javax.annotation-api-1.2.jar;C:\Users\satish\.m2\repository\org\glassfish\hk2\external\javax.inject\2.5.0-b42\javax.inject-2.5.0-b42.jar;C:\Users\satish\.m2\repository\javax\validation\validation-api\1.1.0.Final\validation-api-1.1.0.Final.jar;C:\Users\satish\.m2\repository\org\glassfish\jersey\containers\jersey-container-servlet-core\2.27\jersey-container-servlet-core-2.27.jar;C:\Users\satish\.m2\repository\org\glassfish\jersey\core\jersey-common\2.27\jersey-common-2.27.jar;C:\Users\satish\.m2\repository\org\glassfish\hk2\osgi-resource-locator\1.0.1\osgi-resource-locator-1.0.1.jar;C:\Users\satish\.m2\repository\com\sun\jersey\jersey-client\1.19.4\jersey-client-1.19.4.jar;C:\Users\satish\.m2\repository\com\sun\jersey\jersey-core\1.19.4\jersey-core-1.19.4.jar;C:\Users\satish\.m2\repository\javax\ws\rs\jsr311-api\1.1.1\jsr311-api-1.1.1.jar;C:\Users\satish\.m2\repository\org\glassfish\jersey\media\jersey-media-multipart\2.27\jersey-media-multipart-2.27.jar;C:\Users\satish\.m2\repository\org\jvnet\mimepull\mimepull\1.9.6\mimepull-1.9.6.jar;C:\Users\satish\.m2\repository\org\json\json\20180130\json-20180130.jar;C:\Users\satish\.m2\repository\com\googlecode\json-simple\json-simple\1.1.1\json-simple-1.1.1.jar;C:\Users\satish\.m2\repository\com\networknt\json-schema-validator\1.0.72\json-schema-validator-1.0.72.jar;C:\Users\satish\.m2\repository\com\ethlo\time\itu\1.7.0\itu-1.7.0.jar;C:\Users\satish\.m2\repository\org\glassfish\jersey\media\jersey-media-json-jackson\2.27\jersey-media-json-jackson-2.27.jar;C:\Users\satish\.m2\repository\org\glassfish\jersey\ext\jersey-entity-filtering\2.27\jersey-entity-filtering-2.27.jar;C:\Users\satish\.m2\repository\com\fasterxml\jackson\module\jackson-module-jaxb-annotations\2.8.10\jackson-module-jaxb-annotations-2.8.10.jar;C:\Users\satish\.m2\repository\com\opencsv\opencsv\4.2\opencsv-4.2.jar;C:\Users\satish\.m2\repository\org\apache\commons\commons-text\1.3\commons-text-1.3.jar;C:\Users\satish\.m2\repository\commons-beanutils\commons-beanutils\1.9.3\commons-beanutils-1.9.3.jar;C:\Users\satish\.m2\repository\org\apache\commons\commons-collections4\4.1\commons-collections4-4.1.jar;C:\Users\satish\.m2\repository\org\glassfish\jersey\containers\jersey-container-simple-http\2.27\jersey-container-simple-http-2.27.jar;C:\Users\satish\.m2\repository\org\simpleframework\simple-http\6.0.1\simple-http-6.0.1.jar;C:\Users\satish\.m2\repository\org\simpleframework\simple-transport\6.0.1\simple-transport-6.0.1.jar;C:\Users\satish\.m2\repository\org\simpleframework\simple-common\6.0.1\simple-common-6.0.1.jar;C:\Users\satish\.m2\repository\com\fasterxml\jackson\core\jackson-core\2.9.6\jackson-core-2.9.6.jar;C:\Users\satish\.m2\repository\com\fasterxml\jackson\core\jackson-databind\2.9.6\jackson-databind-2.9.6.jar;C:\Users\satish\.m2\repository\com\fasterxml\jackson\core\jackson-annotations\2.9.6\jackson-annotations-2.9.6.jar;C:\Users\satish\.m2\repository\io\github\bonigarcia\webdrivermanager\5.5.3\webdrivermanager-5.5.3.jar;C:\Users\satish\.m2\repository\com\github\docker-java\docker-java\3.3.3\docker-java-3.3.3.jar;C:\Users\satish\.m2\repository\com\github\docker-java\docker-java-core\3.3.3\docker-java-core-3.3.3.jar;C:\Users\satish\.m2\repository\com\github\docker-java\docker-java-api\3.3.3\docker-java-api-3.3.3.jar;C:\Users\satish\.m2\repository\org\apache\commons\commons-compress\1.21\commons-compress-1.21.jar;C:\Users\satish\.m2\repository\org\bouncycastle\bcpkix-jdk18on\1.75\bcpkix-jdk18on-1.75.jar;C:\Users\satish\.m2\repository\org\bouncycastle\bcprov-jdk18on\1.75\bcprov-jdk18on-1.75.jar;C:\Users\satish\.m2\repository\org\bouncycastle\bcutil-jdk18on\1.75\bcutil-jdk18on-1.75.jar;C:\Users\satish\.m2\repository\com\github\docker-java\docker-java-transport-httpclient5\3.3.3\docker-java-transport-httpclient5-3.3.3.jar;C:\Users\satish\.m2\repository\com\github\docker-java\docker-java-transport\3.3.3\docker-java-transport-3.3.3.jar;C:\Users\satish\.m2\repository\net\java\dev\jna\jna\5.12.1\jna-5.12.1.jar;C:\Users\satish\.m2\repository\org\brotli\dec\0.1.2\dec-0.1.2.jar;C:\Users\satish\.m2\repository\org\apache\httpcomponents\client5\httpclient5\5.2.1\httpclient5-5.2.1.jar;C:\Users\satish\.m2\repository\org\apache\httpcomponents\core5\httpcore5\5.2\httpcore5-5.2.jar;C:\Users\satish\.m2\repository\org\apache\httpcomponents\core5\httpcore5-h2\5.2\httpcore5-h2-5.2.jar;"/>
    <property name="sun.cpu.endian" value="little"/>
    <property name="user.home" value="C:\Users\satish"/>
    <property name="user.language" value="en"/>
    <property name="java.specification.vendor" value="Oracle Corporation"/>
    <property name="jansi.mode" value="force"/>
    <property name="java.version.date" value="2023-04-18"/>
    <property name="java.home" value="C:\STS\sts-4.19.0.RELEASE\plugins\org.eclipse.justj.openjdk.hotspot.jre.full.win32.x86_64_17.0.7.v20230425-1502\jre"/>
    <property name="file.separator" value="\"/>
    <property name="style.color" value="always"/>
    <property name="basedir" value="C:\Users\satish\Documents\workspace-spring-tool-suite-4-4.19.0.RELEASE\Sita-master"/>
    <property name="java.vm.compressedOopsMode" value="Zero based"/>
    <property name="line.separator" value="&#10;"/>
    <property name="java.vm.specification.vendor" value="Oracle Corporation"/>
    <property name="java.specification.name" value="Java Platform API Specification"/>
    <property name="user.script" value=""/>
    <property name="sun.management.compiler" value="HotSpot 64-Bit Tiered Compilers"/>
    <property name="java.runtime.version" value="17.0.7+7"/>
    <property name="user.name" value="satish"/>
    <property name="path.separator" value=";"/>
    <property name="os.version" value="10.0"/>
    <property name="java.runtime.name" value="OpenJDK Runtime Environment"/>
    <property name="file.encoding" value="UTF-8"/>
    <property name="guice.disable.misplaced.annotation.check" value="true"/>
    <property name="java.vm.name" value="OpenJDK 64-Bit Server VM"/>
    <property name="java.vendor.version" value="Temurin-17.0.7+7"/>
    <property name="localRepository" value="C:\Users\satish\.m2\repository"/>
    <property name="java.vendor.url.bug" value="https://github.com/adoptium/adoptium-support/issues"/>
    <property name="java.io.tmpdir" value="C:\Users\satish\AppData\Local\Temp\"/>
    <property name="java.version" value="17.0.7"/>
    <property name="user.dir" value="C:\Users\satish\Documents\workspace-spring-tool-suite-4-4.19.0.RELEASE\Sita-master"/>
    <property name="os.arch" value="amd64"/>
    <property name="maven.multiModuleProjectDirectory" value="C:\Users\satish\Documents\workspace-spring-tool-suite-4-4.19.0.RELEASE\Sita-master"/>
    <property name="java.vm.specification.name" value="Java Virtual Machine Specification"/>
    <property name="sun.os.patch.level" value=""/>
    <property name="m2e.build.project.data.socket.port" value="54338"/>
    <property name="native.encoding" value="Cp1252"/>
    <property name="java.library.path" value="C:\STS\sts-4.19.0.RELEASE\plugins\org.eclipse.justj.openjdk.hotspot.jre.full.win32.x86_64_17.0.7.v20230425-1502\jre\bin;C:\WINDOWS\Sun\Java\bin;C:\WINDOWS\system32;C:\WINDOWS;C:/STS/sts-4.19.0.RELEASE//plugins/org.eclipse.justj.openjdk.hotspot.jre.full.win32.x86_64_17.0.7.v20230425-1502/jre/bin/server;C:/STS/sts-4.19.0.RELEASE//plugins/org.eclipse.justj.openjdk.hotspot.jre.full.win32.x86_64_17.0.7.v20230425-1502/jre/bin;C:\Program Files\Common Files\Oracle\Java\javapath;C:\Program Files (x86)\Common Files\Oracle\Java\javapath;C:\WINDOWS\system32;C:\WINDOWS;C:\WINDOWS\System32\Wbem;C:\WINDOWS\System32\WindowsPowerShell\v1.0\;C:\WINDOWS\System32\OpenSSH\;C:\Program Files\apache-maven-3.8.3\bin;C:\Program Files\Java\jdk1.8.0_301\bin;C:\Program Files\apache-ant-1.10.11\bin;C:\Program Files\Java\jre1.8.0_301\bin;C:\Program Files\Java\jdk-11.0.12\bin;C:\minikube;C:\Program Files\Git\cmd;C:\WINDOWS\system32;C:\WINDOWS;C:\WINDOWS\System32\Wbem;C:\WINDOWS\System32\WindowsPowerShell\v1.0\;C:\WINDOWS\System32\OpenSSH\;C:\KIND;C:\ProgramData\chocolatey\bin;C:\Program Files\Go\bin;C:\Program Files\nodejs\;C:\WINDOWS\system32\config\systemprofile\AppData\Roaming\npm;C:\Program Files\nodejs\;C:\Program Files (x86)\Google\Cloud SDK\google-cloud-sdk\bin;C:\Program Files\Docker\Docker\resources\bin;C:\Program Files\HP\HP One Agent;C:\Users\satish\AppData\Local\Programs\Python\Python310\Scripts\;C:\Users\satish\AppData\Local\Programs\Python\Python310\;C:\Program Files\MySQL\MySQL Shell 8.0\bin\;C:\WINDOWS\system32\config\systemprofile\AppData\Local\Microsoft\WindowsApps;C:\minikube;C:\WINDOWS\system32\config\systemprofile\go\bin;C:\Users\satish\AppData\Roaming\npm;C:\Users\satish\AppData\Local\Programs\Microsoft VS Code\bin;C:\Program Files\JetBrains\IntelliJ IDEA 2023.1.4\bin;;C:\terraform;;C:\Users\satish\AppData\Local\Programs\Lens\resources\cli\bin;C:\STS\sts-4.19.0.RELEASE;;."/>
    <property name="java.vm.info" value="mixed mode"/>
    <property name="java.vendor" value="Eclipse Adoptium"/>
    <property name="java.vm.version" value="17.0.7+7"/>
    <property name="classworlds.conf" value="C:\Users\satish\Documents\workspace-spring-tool-suite-4-4.19.0.RELEASE\.metadata\.plugins\org.eclipse.m2e.launching\launches\m2conf14956808005880266672.tmp"/>
    <property name="sun.io.unicode.encoding" value="UnicodeLittle"/>
    <property name="java.class.version" value="61.0"/>
  </properties>
  <testcase name="stub" classname="com.zensar.runner.InitializeExecution" time="0.002">
    <system-out><![CDATA[=============================Execution Start====================================
]]></system-out>
    <system-err><![CDATA[390 [main] WARN org.testng.internal.Configuration - Detected a static method [com.zensar.runner.InitializeExecution.initializeExecutionModel()]. Static configuration methods can cause unexpected behavior.
476 [main] WARN org.testng.internal.Configuration - Detected a static method [com.zensar.runner.InitializeExecution.initializeExecutionModel()]. Static configuration methods can cause unexpected behavior.
]]></system-err>
  </testcase>
  <testcase name="stub" classname="com.zensar.runner.InitializeExecution" time="0.0">
    <system-out><![CDATA[=============================Execution Start====================================	 >>>>>> (InitializeExecution.java:32)	16:09:49
]]></system-out>
  </testcase>
  <testcase name="stub" classname="com.zensar.runner.ConcludeExecution" time="0.0"/>
  <testcase name="stub" classname="com.zensar.runner.ConcludeExecution" time="0.0"/>
  <testcase name="setUpClass[not @42](0)" classname="com.zensar.runner.TestRunner1" time="0.021">
    <failure type="java.lang.ExceptionInInitializerError"><![CDATA[java.lang.ExceptionInInitializerError
	at com.zensar.runner.TestRunner1.setUpClass(TestRunner1.java:25)
	at java.base/jdk.internal.reflect.NativeMethodAccessorImpl.invoke0(Native Method)
	at java.base/jdk.internal.reflect.NativeMethodAccessorImpl.invoke(NativeMethodAccessorImpl.java:77)
	at java.base/jdk.internal.reflect.DelegatingMethodAccessorImpl.invoke(DelegatingMethodAccessorImpl.java:43)
	at java.base/java.lang.reflect.Method.invoke(Method.java:568)
	at org.testng.internal.invokers.MethodInvocationHelper.invokeMethod(MethodInvocationHelper.java:139)
	at org.testng.internal.invokers.MethodInvocationHelper.invokeMethodConsideringTimeout(MethodInvocationHelper.java:69)
	at org.testng.internal.invokers.ConfigInvoker.invokeConfigurationMethod(ConfigInvoker.java:393)
	at org.testng.internal.invokers.ConfigInvoker.invokeConfigurations(ConfigInvoker.java:326)
	at org.testng.internal.invokers.TestMethodWorker.invokeBeforeClassMethods(TestMethodWorker.java:180)
	at org.testng.internal.invokers.TestMethodWorker.run(TestMethodWorker.java:122)
	at java.base/java.util.ArrayList.forEach(ArrayList.java:1511)
	at org.testng.TestRunner.privateRun(TestRunner.java:819)
	at org.testng.TestRunner.run(TestRunner.java:619)
	at org.testng.SuiteRunner.runTest(SuiteRunner.java:443)
	at org.testng.SuiteRunner$SuiteWorker.run(SuiteRunner.java:481)
	at org.testng.internal.thread.ThreadUtil.lambda$execute$0(ThreadUtil.java:58)
	at java.base/java.util.concurrent.FutureTask.run(FutureTask.java:264)
	at java.base/java.util.concurrent.ThreadPoolExecutor.runWorker(ThreadPoolExecutor.java:1136)
	at java.base/java.util.concurrent.ThreadPoolExecutor$Worker.run(ThreadPoolExecutor.java:635)
	at java.base/java.lang.Thread.run(Thread.java:833)
Caused by: java.lang.reflect.InaccessibleObjectException: Unable to make sun.reflect.annotation.AnnotationInvocationHandler(java.lang.Class,java.util.Map) accessible: module java.base does not "opens sun.reflect.annotation" to unnamed module @1b52699c
	at java.base/java.lang.reflect.AccessibleObject.checkCanSetAccessible(AccessibleObject.java:354)
	at java.base/java.lang.reflect.AccessibleObject.checkCanSetAccessible(AccessibleObject.java:297)
	at java.base/java.lang.reflect.Constructor.checkCanSetAccessible(Constructor.java:188)
	at java.base/java.lang.reflect.Constructor.setAccessible(Constructor.java:181)
	at com.zensar.utilities.RuntimeAnnotations.<clinit>(RuntimeAnnotations.java:34)
	... 21 more
]]></failure>
  </testcase>
  <testcase name="teardown" classname="com.zensar.runner.TestRunner1" time="0.0">
    <skipped/>
    <system-out><![CDATA[No features found at [classpath:com/zensar/runner]	 >>>>>> (FeatureLoader.java:35)	16:09:50



0 Scenarios	 >>>>>> (Stats.java:109)	16:09:50
0 Scenarios	 >>>>>> (Stats.java:109)	16:09:50
0 Scenarios	 >>>>>> (Stats.java:109)	16:09:50
0 Steps	 >>>>>> (Stats.java:110)	16:09:50
0m0 Steps	 >>>>>> (Stats.java:110)	16:09:50
0m0 Steps	 >>>>>> (Stats.java:110)	16:09:50
0m0.206s	 >>>>>> (Stats.java:157)	16:09:50


0.206s	 >>>>>> (Stats.java:157)	16:09:50


0.078s	 >>>>>> (Stats.java:157)	16:09:50


]]></system-out>
    <system-err><![CDATA[1166 [TestNG-tests-3] WARN org.testng.internal.Utils - The test method 'com.zensar.runner.TestRunner1.feature' will be skipped since its data provider 'scenarios' returned an empty array or iterator. 
1166 [TestNG-tests-1] WARN org.testng.internal.Utils - The test method 'com.zensar.runner.TestRunner2.feature' will be skipped since its data provider 'scenarios' returned an empty array or iterator. 
1166 [TestNG-tests-2] WARN org.testng.internal.Utils - The test method 'com.zensar.runner.Debugger.feature' will be skipped since its data provider 'scenarios' returned an empty array or iterator. 
]]></system-err>
  </testcase>
  <testcase name="setUpClass[not @42](0)" classname="com.zensar.runner.Debugger" time="0.021">
    <failure message="Could not initialize class com.zensar.utilities.RuntimeAnnotations" type="java.lang.NoClassDefFoundError"><![CDATA[java.lang.NoClassDefFoundError: Could not initialize class com.zensar.utilities.RuntimeAnnotations
	at com.zensar.runner.Debugger.setUpClass(Debugger.java:25)
	at java.base/jdk.internal.reflect.NativeMethodAccessorImpl.invoke0(Native Method)
	at java.base/jdk.internal.reflect.NativeMethodAccessorImpl.invoke(NativeMethodAccessorImpl.java:77)
	at java.base/jdk.internal.reflect.DelegatingMethodAccessorImpl.invoke(DelegatingMethodAccessorImpl.java:43)
	at java.base/java.lang.reflect.Method.invoke(Method.java:568)
	at org.testng.internal.invokers.MethodInvocationHelper.invokeMethod(MethodInvocationHelper.java:139)
	at org.testng.internal.invokers.MethodInvocationHelper.invokeMethodConsideringTimeout(MethodInvocationHelper.java:69)
	at org.testng.internal.invokers.ConfigInvoker.invokeConfigurationMethod(ConfigInvoker.java:393)
	at org.testng.internal.invokers.ConfigInvoker.invokeConfigurations(ConfigInvoker.java:326)
	at org.testng.internal.invokers.TestMethodWorker.invokeBeforeClassMethods(TestMethodWorker.java:180)
	at org.testng.internal.invokers.TestMethodWorker.run(TestMethodWorker.java:122)
	at java.base/java.util.ArrayList.forEach(ArrayList.java:1511)
	at org.testng.TestRunner.privateRun(TestRunner.java:819)
	at org.testng.TestRunner.run(TestRunner.java:619)
	at org.testng.SuiteRunner.runTest(SuiteRunner.java:443)
	at org.testng.SuiteRunner$SuiteWorker.run(SuiteRunner.java:481)
	at org.testng.internal.thread.ThreadUtil.lambda$execute$0(ThreadUtil.java:58)
	at java.base/java.util.concurrent.FutureTask.run(FutureTask.java:264)
	at java.base/java.util.concurrent.ThreadPoolExecutor.runWorker(ThreadPoolExecutor.java:1136)
	at java.base/java.util.concurrent.ThreadPoolExecutor$Worker.run(ThreadPoolExecutor.java:635)
	at java.base/java.lang.Thread.run(Thread.java:833)
Caused by: java.lang.ExceptionInInitializerError: Exception java.lang.reflect.InaccessibleObjectException: Unable to make sun.reflect.annotation.AnnotationInvocationHandler(java.lang.Class,java.util.Map) accessible: module java.base does not "opens sun.reflect.annotation" to unnamed module @1b52699c [in thread "TestNG-tests-3"]
	at java.base/java.lang.reflect.AccessibleObject.checkCanSetAccessible(AccessibleObject.java:354)
	at java.base/java.lang.reflect.AccessibleObject.checkCanSetAccessible(AccessibleObject.java:297)
	at java.base/java.lang.reflect.Constructor.checkCanSetAccessible(Constructor.java:188)
	at java.base/java.lang.reflect.Constructor.setAccessible(Constructor.java:181)
	at com.zensar.utilities.RuntimeAnnotations.<clinit>(RuntimeAnnotations.java:34)
	at com.zensar.runner.TestRunner1.setUpClass(TestRunner1.java:25)
	... 20 more
]]></failure>
  </testcase>
  <testcase name="teardown" classname="com.zensar.runner.Debugger" time="0.0">
    <skipped/>
    <system-out><![CDATA[No features found at [classpath:com/zensar/runner]	 >>>>>> (FeatureLoader.java:35)	16:09:50



0 Scenarios	 >>>>>> (Stats.java:109)	16:09:50
0 Scenarios	 >>>>>> (Stats.java:109)	16:09:50
0 Scenarios	 >>>>>> (Stats.java:109)	16:09:50
0 Steps	 >>>>>> (Stats.java:110)	16:09:50
0m0 Steps	 >>>>>> (Stats.java:110)	16:09:50
0m0 Steps	 >>>>>> (Stats.java:110)	16:09:50
0m0.206s	 >>>>>> (Stats.java:157)	16:09:50


0.206s	 >>>>>> (Stats.java:157)	16:09:50


0.078s	 >>>>>> (Stats.java:157)	16:09:50


]]></system-out>
    <system-err><![CDATA[1166 [TestNG-tests-3] WARN org.testng.internal.Utils - The test method 'com.zensar.runner.TestRunner1.feature' will be skipped since its data provider 'scenarios' returned an empty array or iterator. 
1166 [TestNG-tests-1] WARN org.testng.internal.Utils - The test method 'com.zensar.runner.TestRunner2.feature' will be skipped since its data provider 'scenarios' returned an empty array or iterator. 
1166 [TestNG-tests-2] WARN org.testng.internal.Utils - The test method 'com.zensar.runner.Debugger.feature' will be skipped since its data provider 'scenarios' returned an empty array or iterator. 
]]></system-err>
  </testcase>
  <testcase name="setUpClass[not @42](0)" classname="com.zensar.runner.TestRunner2" time="0.386">
    <failure message="Could not initialize class com.zensar.utilities.RuntimeAnnotations" type="java.lang.NoClassDefFoundError"><![CDATA[java.lang.NoClassDefFoundError: Could not initialize class com.zensar.utilities.RuntimeAnnotations
	at com.zensar.runner.TestRunner2.setUpClass(TestRunner2.java:25)
	at java.base/jdk.internal.reflect.NativeMethodAccessorImpl.invoke0(Native Method)
	at java.base/jdk.internal.reflect.NativeMethodAccessorImpl.invoke(NativeMethodAccessorImpl.java:77)
	at java.base/jdk.internal.reflect.DelegatingMethodAccessorImpl.invoke(DelegatingMethodAccessorImpl.java:43)
	at java.base/java.lang.reflect.Method.invoke(Method.java:568)
	at org.testng.internal.invokers.MethodInvocationHelper.invokeMethod(MethodInvocationHelper.java:139)
	at org.testng.internal.invokers.MethodInvocationHelper.invokeMethodConsideringTimeout(MethodInvocationHelper.java:69)
	at org.testng.internal.invokers.ConfigInvoker.invokeConfigurationMethod(ConfigInvoker.java:393)
	at org.testng.internal.invokers.ConfigInvoker.invokeConfigurations(ConfigInvoker.java:326)
	at org.testng.internal.invokers.TestMethodWorker.invokeBeforeClassMethods(TestMethodWorker.java:180)
	at org.testng.internal.invokers.TestMethodWorker.run(TestMethodWorker.java:122)
	at java.base/java.util.ArrayList.forEach(ArrayList.java:1511)
	at org.testng.TestRunner.privateRun(TestRunner.java:819)
	at org.testng.TestRunner.run(TestRunner.java:619)
	at org.testng.SuiteRunner.runTest(SuiteRunner.java:443)
	at org.testng.SuiteRunner$SuiteWorker.run(SuiteRunner.java:481)
	at org.testng.internal.thread.ThreadUtil.lambda$execute$0(ThreadUtil.java:58)
	at java.base/java.util.concurrent.FutureTask.run(FutureTask.java:264)
	at java.base/java.util.concurrent.ThreadPoolExecutor.runWorker(ThreadPoolExecutor.java:1136)
	at java.base/java.util.concurrent.ThreadPoolExecutor$Worker.run(ThreadPoolExecutor.java:635)
	at java.base/java.lang.Thread.run(Thread.java:833)
Caused by: java.lang.ExceptionInInitializerError: Exception java.lang.reflect.InaccessibleObjectException: Unable to make sun.reflect.annotation.AnnotationInvocationHandler(java.lang.Class,java.util.Map) accessible: module java.base does not "opens sun.reflect.annotation" to unnamed module @1b52699c [in thread "TestNG-tests-3"]
	at java.base/java.lang.reflect.AccessibleObject.checkCanSetAccessible(AccessibleObject.java:354)
	at java.base/java.lang.reflect.AccessibleObject.checkCanSetAccessible(AccessibleObject.java:297)
	at java.base/java.lang.reflect.Constructor.checkCanSetAccessible(Constructor.java:188)
	at java.base/java.lang.reflect.Constructor.setAccessible(Constructor.java:181)
	at com.zensar.utilities.RuntimeAnnotations.<clinit>(RuntimeAnnotations.java:34)
	at com.zensar.runner.TestRunner1.setUpClass(TestRunner1.java:25)
	... 20 more
]]></failure>
    <system-out><![CDATA[No features found at [classpath:com/zensar/runner]	 >>>>>> (FeatureLoader.java:35)	16:09:49
No features found at [classpath:com/zensar/runner]	 >>>>>> (FeatureLoader.java:35)	16:09:49
Can't generate report because cucmber json output directory not found	 >>>>>> (ConcludeExecution.java:88)	16:09:50
============================Execution Complete==============================	 >>>>>> (ConcludeExecution.java:74)	16:09:50
[QUERY] select * from RunnerProperties -- 	 >>>>>> (ExcelConnectionManager.java:113)	16:09:50
]]></system-out>
  </testcase>
  <testcase name="teardown" classname="com.zensar.runner.TestRunner2" time="0.0">
    <skipped/>
    <system-out><![CDATA[No features found at [classpath:com/zensar/runner]	 >>>>>> (FeatureLoader.java:35)	16:09:50



0 Scenarios	 >>>>>> (Stats.java:109)	16:09:50
0 Scenarios	 >>>>>> (Stats.java:109)	16:09:50
0 Scenarios	 >>>>>> (Stats.java:109)	16:09:50
0 Steps	 >>>>>> (Stats.java:110)	16:09:50
0m0 Steps	 >>>>>> (Stats.java:110)	16:09:50
0m0 Steps	 >>>>>> (Stats.java:110)	16:09:50
0m0.206s	 >>>>>> (Stats.java:157)	16:09:50


0.206s	 >>>>>> (Stats.java:157)	16:09:50


0.078s	 >>>>>> (Stats.java:157)	16:09:50


]]></system-out>
    <system-err><![CDATA[1166 [TestNG-tests-3] WARN org.testng.internal.Utils - The test method 'com.zensar.runner.TestRunner1.feature' will be skipped since its data provider 'scenarios' returned an empty array or iterator. 
1166 [TestNG-tests-1] WARN org.testng.internal.Utils - The test method 'com.zensar.runner.TestRunner2.feature' will be skipped since its data provider 'scenarios' returned an empty array or iterator. 
1166 [TestNG-tests-2] WARN org.testng.internal.Utils - The test method 'com.zensar.runner.Debugger.feature' will be skipped since its data provider 'scenarios' returned an empty array or iterator. 
]]></system-err>
  </testcase>
  <testcase name="setUpClass[not @42](0)" classname="com.zensar.runner.TestRunner3" time="0.486">
    <failure message="Could not initialize class com.zensar.utilities.RuntimeAnnotations" type="java.lang.NoClassDefFoundError"><![CDATA[java.lang.NoClassDefFoundError: Could not initialize class com.zensar.utilities.RuntimeAnnotations
	at com.zensar.runner.TestRunner3.setUpClass(TestRunner3.java:25)
	at java.base/jdk.internal.reflect.NativeMethodAccessorImpl.invoke0(Native Method)
	at java.base/jdk.internal.reflect.NativeMethodAccessorImpl.invoke(NativeMethodAccessorImpl.java:77)
	at java.base/jdk.internal.reflect.DelegatingMethodAccessorImpl.invoke(DelegatingMethodAccessorImpl.java:43)
	at java.base/java.lang.reflect.Method.invoke(Method.java:568)
	at org.testng.internal.invokers.MethodInvocationHelper.invokeMethod(MethodInvocationHelper.java:139)
	at org.testng.internal.invokers.MethodInvocationHelper.invokeMethodConsideringTimeout(MethodInvocationHelper.java:69)
	at org.testng.internal.invokers.ConfigInvoker.invokeConfigurationMethod(ConfigInvoker.java:393)
	at org.testng.internal.invokers.ConfigInvoker.invokeConfigurations(ConfigInvoker.java:326)
	at org.testng.internal.invokers.TestMethodWorker.invokeBeforeClassMethods(TestMethodWorker.java:180)
	at org.testng.internal.invokers.TestMethodWorker.run(TestMethodWorker.java:122)
	at java.base/java.util.ArrayList.forEach(ArrayList.java:1511)
	at org.testng.TestRunner.privateRun(TestRunner.java:819)
	at org.testng.TestRunner.run(TestRunner.java:619)
	at org.testng.SuiteRunner.runTest(SuiteRunner.java:443)
	at org.testng.SuiteRunner$SuiteWorker.run(SuiteRunner.java:481)
	at org.testng.internal.thread.ThreadUtil.lambda$execute$0(ThreadUtil.java:58)
	at java.base/java.util.concurrent.FutureTask.run(FutureTask.java:264)
	at java.base/java.util.concurrent.ThreadPoolExecutor.runWorker(ThreadPoolExecutor.java:1136)
	at java.base/java.util.concurrent.ThreadPoolExecutor$Worker.run(ThreadPoolExecutor.java:635)
	at java.base/java.lang.Thread.run(Thread.java:833)
Caused by: java.lang.ExceptionInInitializerError: Exception java.lang.reflect.InaccessibleObjectException: Unable to make sun.reflect.annotation.AnnotationInvocationHandler(java.lang.Class,java.util.Map) accessible: module java.base does not "opens sun.reflect.annotation" to unnamed module @1b52699c [in thread "TestNG-tests-3"]
	at java.base/java.lang.reflect.AccessibleObject.checkCanSetAccessible(AccessibleObject.java:354)
	at java.base/java.lang.reflect.AccessibleObject.checkCanSetAccessible(AccessibleObject.java:297)
	at java.base/java.lang.reflect.Constructor.checkCanSetAccessible(Constructor.java:188)
	at java.base/java.lang.reflect.Constructor.setAccessible(Constructor.java:181)
	at com.zensar.utilities.RuntimeAnnotations.<clinit>(RuntimeAnnotations.java:34)
	at com.zensar.runner.TestRunner1.setUpClass(TestRunner1.java:25)
	... 20 more
]]></failure>
  </testcase>
  <testcase name="teardown" classname="com.zensar.runner.TestRunner3" time="0.0">
    <skipped/>
    <system-out><![CDATA[No features found at [classpath:com/zensar/runner]	 >>>>>> (FeatureLoader.java:35)	16:09:50
No features found at [classpath:com/zensar/runner]	 >>>>>> (FeatureLoader.java:35)	16:09:50
No features found at [classpath:com/zensar/runner]	 >>>>>> (FeatureLoader.java:35)	16:09:50


0 Scenarios	 >>>>>> (Stats.java:109)	16:09:50
0 Scenarios	 >>>>>> (Stats.java:109)	16:09:50
0 Steps	 >>>>>> (Stats.java:110)	16:09:50
0m0 Steps	 >>>>>> (Stats.java:110)	16:09:50
0m0.008s	 >>>>>> (Stats.java:157)	16:09:50

0.008s	 >>>>>> (Stats.java:157)	16:09:50



]]></system-out>
    <system-err><![CDATA[1195 [TestNG-tests-2] WARN org.testng.internal.Utils - The test method 'com.zensar.runner.TestRunner3.feature' will be skipped since its data provider 'scenarios' returned an empty array or iterator. 
1195 [TestNG-tests-1] WARN org.testng.internal.Utils - The test method 'com.zensar.runner.ASCertificationPage.feature' will be skipped since its data provider 'scenarios' returned an empty array or iterator. 
]]></system-err>
  </testcase>
  <testcase name="setUpClass[not @42](0)" classname="com.zensar.runner.ASLandingPage" time="0.486">
    <failure message="Could not initialize class com.zensar.utilities.RuntimeAnnotations" type="java.lang.NoClassDefFoundError"><![CDATA[java.lang.NoClassDefFoundError: Could not initialize class com.zensar.utilities.RuntimeAnnotations
	at com.zensar.runner.ASLandingPage.setUpClass(ASLandingPage.java:25)
	at java.base/jdk.internal.reflect.NativeMethodAccessorImpl.invoke0(Native Method)
	at java.base/jdk.internal.reflect.NativeMethodAccessorImpl.invoke(NativeMethodAccessorImpl.java:77)
	at java.base/jdk.internal.reflect.DelegatingMethodAccessorImpl.invoke(DelegatingMethodAccessorImpl.java:43)
	at java.base/java.lang.reflect.Method.invoke(Method.java:568)
	at org.testng.internal.invokers.MethodInvocationHelper.invokeMethod(MethodInvocationHelper.java:139)
	at org.testng.internal.invokers.MethodInvocationHelper.invokeMethodConsideringTimeout(MethodInvocationHelper.java:69)
	at org.testng.internal.invokers.ConfigInvoker.invokeConfigurationMethod(ConfigInvoker.java:393)
	at org.testng.internal.invokers.ConfigInvoker.invokeConfigurations(ConfigInvoker.java:326)
	at org.testng.internal.invokers.TestMethodWorker.invokeBeforeClassMethods(TestMethodWorker.java:180)
	at org.testng.internal.invokers.TestMethodWorker.run(TestMethodWorker.java:122)
	at java.base/java.util.ArrayList.forEach(ArrayList.java:1511)
	at org.testng.TestRunner.privateRun(TestRunner.java:819)
	at org.testng.TestRunner.run(TestRunner.java:619)
	at org.testng.SuiteRunner.runTest(SuiteRunner.java:443)
	at org.testng.SuiteRunner$SuiteWorker.run(SuiteRunner.java:481)
	at org.testng.internal.thread.ThreadUtil.lambda$execute$0(ThreadUtil.java:58)
	at java.base/java.util.concurrent.FutureTask.run(FutureTask.java:264)
	at java.base/java.util.concurrent.ThreadPoolExecutor.runWorker(ThreadPoolExecutor.java:1136)
	at java.base/java.util.concurrent.ThreadPoolExecutor$Worker.run(ThreadPoolExecutor.java:635)
	at java.base/java.lang.Thread.run(Thread.java:833)
Caused by: java.lang.ExceptionInInitializerError: Exception java.lang.reflect.InaccessibleObjectException: Unable to make sun.reflect.annotation.AnnotationInvocationHandler(java.lang.Class,java.util.Map) accessible: module java.base does not "opens sun.reflect.annotation" to unnamed module @1b52699c [in thread "TestNG-tests-3"]
	at java.base/java.lang.reflect.AccessibleObject.checkCanSetAccessible(AccessibleObject.java:354)
	at java.base/java.lang.reflect.AccessibleObject.checkCanSetAccessible(AccessibleObject.java:297)
	at java.base/java.lang.reflect.Constructor.checkCanSetAccessible(Constructor.java:188)
	at java.base/java.lang.reflect.Constructor.setAccessible(Constructor.java:181)
	at com.zensar.utilities.RuntimeAnnotations.<clinit>(RuntimeAnnotations.java:34)
	at com.zensar.runner.TestRunner1.setUpClass(TestRunner1.java:25)
	... 20 more
]]></failure>
  </testcase>
  <testcase name="teardown" classname="com.zensar.runner.ASLandingPage" time="0.0">
    <skipped/>
    <system-out><![CDATA[
0 Scenarios	 >>>>>> (Stats.java:109)	16:09:50
0 Steps	 >>>>>> (Stats.java:110)	16:09:50
0m0.013s	 >>>>>> (Stats.java:157)	16:09:50


]]></system-out>
    <system-err><![CDATA[1202 [TestNG-tests-3] WARN org.testng.internal.Utils - The test method 'com.zensar.runner.ASLandingPage.feature' will be skipped since its data provider 'scenarios' returned an empty array or iterator. 
]]></system-err>
  </testcase>
  <testcase name="setUpClass[not @42](0)" classname="com.zensar.runner.ASCertificationPage" time="0.486">
    <failure message="Could not initialize class com.zensar.utilities.RuntimeAnnotations" type="java.lang.NoClassDefFoundError"><![CDATA[java.lang.NoClassDefFoundError: Could not initialize class com.zensar.utilities.RuntimeAnnotations
	at com.zensar.runner.ASCertificationPage.setUpClass(ASCertificationPage.java:25)
	at java.base/jdk.internal.reflect.NativeMethodAccessorImpl.invoke0(Native Method)
	at java.base/jdk.internal.reflect.NativeMethodAccessorImpl.invoke(NativeMethodAccessorImpl.java:77)
	at java.base/jdk.internal.reflect.DelegatingMethodAccessorImpl.invoke(DelegatingMethodAccessorImpl.java:43)
	at java.base/java.lang.reflect.Method.invoke(Method.java:568)
	at org.testng.internal.invokers.MethodInvocationHelper.invokeMethod(MethodInvocationHelper.java:139)
	at org.testng.internal.invokers.MethodInvocationHelper.invokeMethodConsideringTimeout(MethodInvocationHelper.java:69)
	at org.testng.internal.invokers.ConfigInvoker.invokeConfigurationMethod(ConfigInvoker.java:393)
	at org.testng.internal.invokers.ConfigInvoker.invokeConfigurations(ConfigInvoker.java:326)
	at org.testng.internal.invokers.TestMethodWorker.invokeBeforeClassMethods(TestMethodWorker.java:180)
	at org.testng.internal.invokers.TestMethodWorker.run(TestMethodWorker.java:122)
	at java.base/java.util.ArrayList.forEach(ArrayList.java:1511)
	at org.testng.TestRunner.privateRun(TestRunner.java:819)
	at org.testng.TestRunner.run(TestRunner.java:619)
	at org.testng.SuiteRunner.runTest(SuiteRunner.java:443)
	at org.testng.SuiteRunner$SuiteWorker.run(SuiteRunner.java:481)
	at org.testng.internal.thread.ThreadUtil.lambda$execute$0(ThreadUtil.java:58)
	at java.base/java.util.concurrent.FutureTask.run(FutureTask.java:264)
	at java.base/java.util.concurrent.ThreadPoolExecutor.runWorker(ThreadPoolExecutor.java:1136)
	at java.base/java.util.concurrent.ThreadPoolExecutor$Worker.run(ThreadPoolExecutor.java:635)
	at java.base/java.lang.Thread.run(Thread.java:833)
Caused by: java.lang.ExceptionInInitializerError: Exception java.lang.reflect.InaccessibleObjectException: Unable to make sun.reflect.annotation.AnnotationInvocationHandler(java.lang.Class,java.util.Map) accessible: module java.base does not "opens sun.reflect.annotation" to unnamed module @1b52699c [in thread "TestNG-tests-3"]
	at java.base/java.lang.reflect.AccessibleObject.checkCanSetAccessible(AccessibleObject.java:354)
	at java.base/java.lang.reflect.AccessibleObject.checkCanSetAccessible(AccessibleObject.java:297)
	at java.base/java.lang.reflect.Constructor.checkCanSetAccessible(Constructor.java:188)
	at java.base/java.lang.reflect.Constructor.setAccessible(Constructor.java:181)
	at com.zensar.utilities.RuntimeAnnotations.<clinit>(RuntimeAnnotations.java:34)
	at com.zensar.runner.TestRunner1.setUpClass(TestRunner1.java:25)
	... 20 more
]]></failure>
  </testcase>
  <testcase name="teardown" classname="com.zensar.runner.ASCertificationPage" time="0.0">
    <skipped/>
    <system-out><![CDATA[No features found at [classpath:com/zensar/runner]	 >>>>>> (FeatureLoader.java:35)	16:09:50
No features found at [classpath:com/zensar/runner]	 >>>>>> (FeatureLoader.java:35)	16:09:50
No features found at [classpath:com/zensar/runner]	 >>>>>> (FeatureLoader.java:35)	16:09:50


0 Scenarios	 >>>>>> (Stats.java:109)	16:09:50
0 Scenarios	 >>>>>> (Stats.java:109)	16:09:50
0 Steps	 >>>>>> (Stats.java:110)	16:09:50
0m0 Steps	 >>>>>> (Stats.java:110)	16:09:50
0m0.008s	 >>>>>> (Stats.java:157)	16:09:50

0.008s	 >>>>>> (Stats.java:157)	16:09:50



]]></system-out>
    <system-err><![CDATA[1195 [TestNG-tests-2] WARN org.testng.internal.Utils - The test method 'com.zensar.runner.TestRunner3.feature' will be skipped since its data provider 'scenarios' returned an empty array or iterator. 
1195 [TestNG-tests-1] WARN org.testng.internal.Utils - The test method 'com.zensar.runner.ASCertificationPage.feature' will be skipped since its data provider 'scenarios' returned an empty array or iterator. 
]]></system-err>
  </testcase>
  <testcase name="setUpClass[not @42](0)" classname="com.zensar.runner.ASSiteListPage" time="0.511">
    <failure message="Could not initialize class com.zensar.utilities.RuntimeAnnotations" type="java.lang.NoClassDefFoundError"><![CDATA[java.lang.NoClassDefFoundError: Could not initialize class com.zensar.utilities.RuntimeAnnotations
	at com.zensar.runner.ASSiteListPage.setUpClass(ASSiteListPage.java:25)
	at java.base/jdk.internal.reflect.NativeMethodAccessorImpl.invoke0(Native Method)
	at java.base/jdk.internal.reflect.NativeMethodAccessorImpl.invoke(NativeMethodAccessorImpl.java:77)
	at java.base/jdk.internal.reflect.DelegatingMethodAccessorImpl.invoke(DelegatingMethodAccessorImpl.java:43)
	at java.base/java.lang.reflect.Method.invoke(Method.java:568)
	at org.testng.internal.invokers.MethodInvocationHelper.invokeMethod(MethodInvocationHelper.java:139)
	at org.testng.internal.invokers.MethodInvocationHelper.invokeMethodConsideringTimeout(MethodInvocationHelper.java:69)
	at org.testng.internal.invokers.ConfigInvoker.invokeConfigurationMethod(ConfigInvoker.java:393)
	at org.testng.internal.invokers.ConfigInvoker.invokeConfigurations(ConfigInvoker.java:326)
	at org.testng.internal.invokers.TestMethodWorker.invokeBeforeClassMethods(TestMethodWorker.java:180)
	at org.testng.internal.invokers.TestMethodWorker.run(TestMethodWorker.java:122)
	at java.base/java.util.ArrayList.forEach(ArrayList.java:1511)
	at org.testng.TestRunner.privateRun(TestRunner.java:819)
	at org.testng.TestRunner.run(TestRunner.java:619)
	at org.testng.SuiteRunner.runTest(SuiteRunner.java:443)
	at org.testng.SuiteRunner$SuiteWorker.run(SuiteRunner.java:481)
	at org.testng.internal.thread.ThreadUtil.lambda$execute$0(ThreadUtil.java:58)
	at java.base/java.util.concurrent.FutureTask.run(FutureTask.java:264)
	at java.base/java.util.concurrent.ThreadPoolExecutor.runWorker(ThreadPoolExecutor.java:1136)
	at java.base/java.util.concurrent.ThreadPoolExecutor$Worker.run(ThreadPoolExecutor.java:635)
	at java.base/java.lang.Thread.run(Thread.java:833)
Caused by: java.lang.ExceptionInInitializerError: Exception java.lang.reflect.InaccessibleObjectException: Unable to make sun.reflect.annotation.AnnotationInvocationHandler(java.lang.Class,java.util.Map) accessible: module java.base does not "opens sun.reflect.annotation" to unnamed module @1b52699c [in thread "TestNG-tests-3"]
	at java.base/java.lang.reflect.AccessibleObject.checkCanSetAccessible(AccessibleObject.java:354)
	at java.base/java.lang.reflect.AccessibleObject.checkCanSetAccessible(AccessibleObject.java:297)
	at java.base/java.lang.reflect.Constructor.checkCanSetAccessible(Constructor.java:188)
	at java.base/java.lang.reflect.Constructor.setAccessible(Constructor.java:181)
	at com.zensar.utilities.RuntimeAnnotations.<clinit>(RuntimeAnnotations.java:34)
	at com.zensar.runner.TestRunner1.setUpClass(TestRunner1.java:25)
	... 20 more
]]></failure>
  </testcase>
  <testcase name="feature[null](1)" classname="com.zensar.runner.ASSiteListPage" time="0.0">
    <skipped message="Could not initialize class com.zensar.utilities.RuntimeAnnotations"/>
    <system-out><![CDATA[No features found at [classpath:com/zensar/runner]	 >>>>>> (FeatureLoader.java:35)	16:09:50
]]></system-out>
  </testcase>
  <testcase name="teardown" classname="com.zensar.runner.ASSiteListPage" time="0.0">
    <skipped/>
    <system-out><![CDATA[No features found at [classpath:com/zensar/runner]	 >>>>>> (FeatureLoader.java:35)	16:09:50]]></system-out>
  </testcase>
  <testcase name="setUpClass[not @42](0)" classname="com.zensar.runner.ASWorkOrderListPage" time="0.513">
    <failure message="Could not initialize class com.zensar.utilities.RuntimeAnnotations" type="java.lang.NoClassDefFoundError"><![CDATA[java.lang.NoClassDefFoundError: Could not initialize class com.zensar.utilities.RuntimeAnnotations
	at com.zensar.runner.ASWorkOrderListPage.setUpClass(ASWorkOrderListPage.java:25)
	at java.base/jdk.internal.reflect.NativeMethodAccessorImpl.invoke0(Native Method)
	at java.base/jdk.internal.reflect.NativeMethodAccessorImpl.invoke(NativeMethodAccessorImpl.java:77)
	at java.base/jdk.internal.reflect.DelegatingMethodAccessorImpl.invoke(DelegatingMethodAccessorImpl.java:43)
	at java.base/java.lang.reflect.Method.invoke(Method.java:568)
	at org.testng.internal.invokers.MethodInvocationHelper.invokeMethod(MethodInvocationHelper.java:139)
	at org.testng.internal.invokers.MethodInvocationHelper.invokeMethodConsideringTimeout(MethodInvocationHelper.java:69)
	at org.testng.internal.invokers.ConfigInvoker.invokeConfigurationMethod(ConfigInvoker.java:393)
	at org.testng.internal.invokers.ConfigInvoker.invokeConfigurations(ConfigInvoker.java:326)
	at org.testng.internal.invokers.TestMethodWorker.invokeBeforeClassMethods(TestMethodWorker.java:180)
	at org.testng.internal.invokers.TestMethodWorker.run(TestMethodWorker.java:122)
	at java.base/java.util.ArrayList.forEach(ArrayList.java:1511)
	at org.testng.TestRunner.privateRun(TestRunner.java:819)
	at org.testng.TestRunner.run(TestRunner.java:619)
	at org.testng.SuiteRunner.runTest(SuiteRunner.java:443)
	at org.testng.SuiteRunner$SuiteWorker.run(SuiteRunner.java:481)
	at org.testng.internal.thread.ThreadUtil.lambda$execute$0(ThreadUtil.java:58)
	at java.base/java.util.concurrent.FutureTask.run(FutureTask.java:264)
	at java.base/java.util.concurrent.ThreadPoolExecutor.runWorker(ThreadPoolExecutor.java:1136)
	at java.base/java.util.concurrent.ThreadPoolExecutor$Worker.run(ThreadPoolExecutor.java:635)
	at java.base/java.lang.Thread.run(Thread.java:833)
Caused by: java.lang.ExceptionInInitializerError: Exception java.lang.reflect.InaccessibleObjectException: Unable to make sun.reflect.annotation.AnnotationInvocationHandler(java.lang.Class,java.util.Map) accessible: module java.base does not "opens sun.reflect.annotation" to unnamed module @1b52699c [in thread "TestNG-tests-3"]
	at java.base/java.lang.reflect.AccessibleObject.checkCanSetAccessible(AccessibleObject.java:354)
	at java.base/java.lang.reflect.AccessibleObject.checkCanSetAccessible(AccessibleObject.java:297)
	at java.base/java.lang.reflect.Constructor.checkCanSetAccessible(Constructor.java:188)
	at java.base/java.lang.reflect.Constructor.setAccessible(Constructor.java:181)
	at com.zensar.utilities.RuntimeAnnotations.<clinit>(RuntimeAnnotations.java:34)
	at com.zensar.runner.TestRunner1.setUpClass(TestRunner1.java:25)
	... 20 more
]]></failure>
  </testcase>
  <testcase name="teardown" classname="com.zensar.runner.ASWorkOrderListPage" time="0.0">
    <skipped/>
    <system-out><![CDATA[0 Steps	 >>>>>> (Stats.java:110)	16:09:50]]></system-out>
    <system-err><![CDATA[1237 [TestNG-tests-2] WARN org.testng.internal.Utils - The test method 'com.zensar.runner.ASWorkOrderListPage.feature' will be skipped since its data provider 'scenarios' returned an empty array or iterator. 
]]></system-err>
  </testcase>
  <testcase name="setUpClass[not @42](0)" classname="com.zensar.runner.Sanity" time="0.519">
    <failure message="Could not initialize class com.zensar.utilities.RuntimeAnnotations" type="java.lang.NoClassDefFoundError"><![CDATA[java.lang.NoClassDefFoundError: Could not initialize class com.zensar.utilities.RuntimeAnnotations
	at com.zensar.runner.Sanity.setUpClass(Sanity.java:25)
	at java.base/jdk.internal.reflect.NativeMethodAccessorImpl.invoke0(Native Method)
	at java.base/jdk.internal.reflect.NativeMethodAccessorImpl.invoke(NativeMethodAccessorImpl.java:77)
	at java.base/jdk.internal.reflect.DelegatingMethodAccessorImpl.invoke(DelegatingMethodAccessorImpl.java:43)
	at java.base/java.lang.reflect.Method.invoke(Method.java:568)
	at org.testng.internal.invokers.MethodInvocationHelper.invokeMethod(MethodInvocationHelper.java:139)
	at org.testng.internal.invokers.MethodInvocationHelper.invokeMethodConsideringTimeout(MethodInvocationHelper.java:69)
	at org.testng.internal.invokers.ConfigInvoker.invokeConfigurationMethod(ConfigInvoker.java:393)
	at org.testng.internal.invokers.ConfigInvoker.invokeConfigurations(ConfigInvoker.java:326)
	at org.testng.internal.invokers.TestMethodWorker.invokeBeforeClassMethods(TestMethodWorker.java:180)
	at org.testng.internal.invokers.TestMethodWorker.run(TestMethodWorker.java:122)
	at java.base/java.util.ArrayList.forEach(ArrayList.java:1511)
	at org.testng.TestRunner.privateRun(TestRunner.java:819)
	at org.testng.TestRunner.run(TestRunner.java:619)
	at org.testng.SuiteRunner.runTest(SuiteRunner.java:443)
	at org.testng.SuiteRunner$SuiteWorker.run(SuiteRunner.java:481)
	at org.testng.internal.thread.ThreadUtil.lambda$execute$0(ThreadUtil.java:58)
	at java.base/java.util.concurrent.FutureTask.run(FutureTask.java:264)
	at java.base/java.util.concurrent.ThreadPoolExecutor.runWorker(ThreadPoolExecutor.java:1136)
	at java.base/java.util.concurrent.ThreadPoolExecutor$Worker.run(ThreadPoolExecutor.java:635)
	at java.base/java.lang.Thread.run(Thread.java:833)
Caused by: java.lang.ExceptionInInitializerError: Exception java.lang.reflect.InaccessibleObjectException: Unable to make sun.reflect.annotation.AnnotationInvocationHandler(java.lang.Class,java.util.Map) accessible: module java.base does not "opens sun.reflect.annotation" to unnamed module @1b52699c [in thread "TestNG-tests-3"]
	at java.base/java.lang.reflect.AccessibleObject.checkCanSetAccessible(AccessibleObject.java:354)
	at java.base/java.lang.reflect.AccessibleObject.checkCanSetAccessible(AccessibleObject.java:297)
	at java.base/java.lang.reflect.Constructor.checkCanSetAccessible(Constructor.java:188)
	at java.base/java.lang.reflect.Constructor.setAccessible(Constructor.java:181)
	at com.zensar.utilities.RuntimeAnnotations.<clinit>(RuntimeAnnotations.java:34)
	at com.zensar.runner.TestRunner1.setUpClass(TestRunner1.java:25)
	... 20 more
]]></failure>
    <system-out><![CDATA[No features found at [classpath:com/zensar/runner]	 >>>>>> (FeatureLoader.java:35)	16:09:50
No features found at [classpath:com/zensar/runner]	 >>>>>> (FeatureLoader.java:35)	16:09:50
]]></system-out>
  </testcase>
  <testcase name="teardown" classname="com.zensar.runner.Sanity" time="0.0">
    <skipped/>
    <system-out><![CDATA[
0 Scenarios	 >>>>>> (Stats.java:109)	16:09:50
0 Steps	 >>>>>> (Stats.java:110)	16:09:50
0m0.010s	 >>>>>> (Stats.java:157)	16:09:50


]]></system-out>
    <system-err><![CDATA[1231 [TestNG-tests-3] WARN org.testng.internal.Utils - The test method 'com.zensar.runner.Sanity.feature' will be skipped since its data provider 'scenarios' returned an empty array or iterator. 
]]></system-err>
  </testcase>
  <testcase name="setUpClass[not @42](0)" classname="com.zensar.runner.Regression" time="0.02">
    <failure message="Could not initialize class com.zensar.utilities.RuntimeAnnotations" type="java.lang.NoClassDefFoundError"><![CDATA[java.lang.NoClassDefFoundError: Could not initialize class com.zensar.utilities.RuntimeAnnotations
	at com.zensar.runner.Regression.setUpClass(Regression.java:25)
	at java.base/jdk.internal.reflect.NativeMethodAccessorImpl.invoke0(Native Method)
	at java.base/jdk.internal.reflect.NativeMethodAccessorImpl.invoke(NativeMethodAccessorImpl.java:77)
	at java.base/jdk.internal.reflect.DelegatingMethodAccessorImpl.invoke(DelegatingMethodAccessorImpl.java:43)
	at java.base/java.lang.reflect.Method.invoke(Method.java:568)
	at org.testng.internal.invokers.MethodInvocationHelper.invokeMethod(MethodInvocationHelper.java:139)
	at org.testng.internal.invokers.MethodInvocationHelper.invokeMethodConsideringTimeout(MethodInvocationHelper.java:69)
	at org.testng.internal.invokers.ConfigInvoker.invokeConfigurationMethod(ConfigInvoker.java:393)
	at org.testng.internal.invokers.ConfigInvoker.invokeConfigurations(ConfigInvoker.java:326)
	at org.testng.internal.invokers.TestMethodWorker.invokeBeforeClassMethods(TestMethodWorker.java:180)
	at org.testng.internal.invokers.TestMethodWorker.run(TestMethodWorker.java:122)
	at java.base/java.util.ArrayList.forEach(ArrayList.java:1511)
	at org.testng.TestRunner.privateRun(TestRunner.java:819)
	at org.testng.TestRunner.run(TestRunner.java:619)
	at org.testng.SuiteRunner.runTest(SuiteRunner.java:443)
	at org.testng.SuiteRunner$SuiteWorker.run(SuiteRunner.java:481)
	at org.testng.internal.thread.ThreadUtil.lambda$execute$0(ThreadUtil.java:58)
	at java.base/java.util.concurrent.FutureTask.run(FutureTask.java:264)
	at java.base/java.util.concurrent.ThreadPoolExecutor.runWorker(ThreadPoolExecutor.java:1136)
	at java.base/java.util.concurrent.ThreadPoolExecutor$Worker.run(ThreadPoolExecutor.java:635)
	at java.base/java.lang.Thread.run(Thread.java:833)
Caused by: java.lang.ExceptionInInitializerError: Exception java.lang.reflect.InaccessibleObjectException: Unable to make sun.reflect.annotation.AnnotationInvocationHandler(java.lang.Class,java.util.Map) accessible: module java.base does not "opens sun.reflect.annotation" to unnamed module @1b52699c [in thread "TestNG-tests-3"]
	at java.base/java.lang.reflect.AccessibleObject.checkCanSetAccessible(AccessibleObject.java:354)
	at java.base/java.lang.reflect.AccessibleObject.checkCanSetAccessible(AccessibleObject.java:297)
	at java.base/java.lang.reflect.Constructor.checkCanSetAccessible(Constructor.java:188)
	at java.base/java.lang.reflect.Constructor.setAccessible(Constructor.java:181)
	at com.zensar.utilities.RuntimeAnnotations.<clinit>(RuntimeAnnotations.java:34)
	at com.zensar.runner.TestRunner1.setUpClass(TestRunner1.java:25)
	... 20 more
]]></failure>
    <system-out><![CDATA[0m]]></system-out>
  </testcase>
  <testcase name="teardown" classname="com.zensar.runner.Regression" time="0.0">
    <skipped/>
    <system-out><![CDATA[

0 Scenarios	 >>>>>> (Stats.java:109)	16:09:50
0 Steps	 >>>>>> (Stats.java:110)	16:09:50
0m0.006s	 >>>>>> (Stats.java:157)	16:09:50


]]></system-out>
    <system-err><![CDATA[1263 [TestNG-tests-3] WARN org.testng.internal.Utils - The test method 'com.zensar.runner.Regression.feature' will be skipped since its data provider 'scenarios' returned an empty array or iterator. 
]]></system-err>
  </testcase>
</testsuite>