<?xml version="1.0" encoding="UTF-8"?>
<testng-results ignored="0" total="5" passed="4" failed="0" skipped="1">
  <reporter-output>
  </reporter-output>
  <suite started-at="2024-04-02T16:09:49 IST" name="Run1" finished-at="2024-04-02T16:09:50 IST" duration-ms="601">
    <groups>
      <group name="cucumber">
        <method signature="Debugger.feature(com.zensar.scriptutils.PickleWrapper)[pri:0, instance:com.zensar.runner.Debugger@23bd0c81]" name="feature" class="com.zensar.runner.Debugger"/>
        <method signature="TestRunner1.feature(com.zensar.scriptutils.PickleWrapper)[pri:0, instance:com.zensar.runner.TestRunner1@10d18696]" name="feature" class="com.zensar.runner.TestRunner1"/>
        <method signature="TestRunner2.feature(com.zensar.scriptutils.PickleWrapper)[pri:0, instance:com.zensar.runner.TestRunner2@4602f874]" name="feature" class="com.zensar.runner.TestRunner2"/>
        <method signature="TestRunner3.feature(com.zensar.scriptutils.PickleWrapper)[pri:0, instance:com.zensar.runner.TestRunner3@b022551]" name="feature" class="com.zensar.runner.TestRunner3"/>
        <method signature="ASCertificationPage.feature(com.zensar.scriptutils.PickleWrapper)[pri:0, instance:com.zensar.runner.ASCertificationPage@31ab1e67]" name="feature" class="com.zensar.runner.ASCertificationPage"/>
        <method signature="ASLandingPage.feature(com.zensar.scriptutils.PickleWrapper)[pri:0, instance:com.zensar.runner.ASLandingPage@43c7fe8a]" name="feature" class="com.zensar.runner.ASLandingPage"/>
        <method signature="ASSiteListPage.feature(com.zensar.scriptutils.PickleWrapper)[pri:0, instance:com.zensar.runner.ASSiteListPage@4f664bee]" name="feature" class="com.zensar.runner.ASSiteListPage"/>
        <method signature="ASWorkOrderListPage.feature(com.zensar.scriptutils.PickleWrapper)[pri:0, instance:com.zensar.runner.ASWorkOrderListPage@5d1bdd4a]" name="feature" class="com.zensar.runner.ASWorkOrderListPage"/>
        <method signature="Sanity.feature(com.zensar.scriptutils.PickleWrapper)[pri:0, instance:com.zensar.runner.Sanity@7994a0d1]" name="feature" class="com.zensar.runner.Sanity"/>
        <method signature="Regression.feature(com.zensar.scriptutils.PickleWrapper)[pri:0, instance:com.zensar.runner.Regression@1df9186f]" name="feature" class="com.zensar.runner.Regression"/>
      </group> <!-- cucumber -->
    </groups>
    <test started-at="2024-04-02T16:09:49 IST" name="Runner 4" finished-at="2024-04-02T16:09:49 IST" duration-ms="32">
      <class name="com.zensar.runner.InitializeExecution">
        <test-method is-config="true" signature="initializeExecutionModel()[pri:0, instance:com.zensar.runner.InitializeExecution@3b4ef59f]" started-at="2024-04-02T16:09:49 IST" name="initializeExecutionModel" finished-at="2024-04-02T16:09:49 IST" duration-ms="29" status="PASS">
          <reporter-output>
          </reporter-output>
        </test-method> <!-- initializeExecutionModel -->
        <test-method signature="stub()[pri:0, instance:com.zensar.runner.InitializeExecution@3b4ef59f]" started-at="2024-04-02T16:09:49 IST" name="stub" finished-at="2024-04-02T16:09:49 IST" duration-ms="0" status="PASS">
          <reporter-output>
          </reporter-output>
        </test-method> <!-- stub -->
      </class> <!-- com.zensar.runner.InitializeExecution -->
    </test> <!-- Runner 4 -->
    <test started-at="2024-04-02T16:09:49 IST" name="Runner 1" finished-at="2024-04-02T16:09:50 IST" duration-ms="407">
      <class name="com.zensar.runner.ConcludeExecution">
        <test-method signature="stub()[pri:0, instance:com.zensar.runner.ConcludeExecution@6b0f266e]" started-at="2024-04-02T16:09:49 IST" name="stub" finished-at="2024-04-02T16:09:49 IST" duration-ms="0" status="PASS">
          <reporter-output>
          </reporter-output>
        </test-method> <!-- stub -->
        <test-method is-config="true" signature="endExecution()[pri:0, instance:com.zensar.runner.ConcludeExecution@6b0f266e]" started-at="2024-04-02T16:09:49 IST" name="endExecution" finished-at="2024-04-02T16:09:50 IST" duration-ms="405" status="PASS">
          <reporter-output>
          </reporter-output>
        </test-method> <!-- endExecution -->
      </class> <!-- com.zensar.runner.ConcludeExecution -->
    </test> <!-- Runner 1 -->
    <test started-at="2024-04-02T16:09:49 IST" name="Runner 2" finished-at="2024-04-02T16:09:50 IST" duration-ms="505">
      <class name="com.zensar.runner.Debugger">
        <test-method is-config="true" signature="setUpClass(java.lang.String)[pri:0, instance:com.zensar.runner.Debugger@23bd0c81]" started-at="2024-04-02T16:09:49 IST" name="setUpClass" finished-at="2024-04-02T16:09:49 IST" duration-ms="51" status="FAIL">
          <params>
            <param index="0">
              <value>
                <![CDATA[not @42]]>
              </value>
            </param>
          </params>
          <exception class="java.lang.NoClassDefFoundError">
            <message>
              <![CDATA[Could not initialize class com.zensar.utilities.RuntimeAnnotations]]>
            </message>
            <full-stacktrace>
              <![CDATA[java.lang.NoClassDefFoundError: Could not initialize class com.zensar.utilities.RuntimeAnnotations
at com.zensar.runner.Debugger.setUpClass(Debugger.java:25)
at java.base/jdk.internal.reflect.NativeMethodAccessorImpl.invoke0(Native Method)
at java.base/jdk.internal.reflect.NativeMethodAccessorImpl.invoke(NativeMethodAccessorImpl.java:77)
at java.base/jdk.internal.reflect.DelegatingMethodAccessorImpl.invoke(DelegatingMethodAccessorImpl.java:43)
at java.base/java.lang.reflect.Method.invoke(Method.java:568)
at org.testng.internal.invokers.MethodInvocationHelper.invokeMethod(MethodInvocationHelper.java:139)
at org.testng.internal.invokers.MethodInvocationHelper.invokeMethodConsideringTimeout(MethodInvocationHelper.java:69)
at org.testng.internal.invokers.ConfigInvoker.invokeConfigurationMethod(ConfigInvoker.java:393)
at org.testng.internal.invokers.ConfigInvoker.invokeConfigurations(ConfigInvoker.java:326)
at org.testng.internal.invokers.TestMethodWorker.invokeBeforeClassMethods(TestMethodWorker.java:180)
at org.testng.internal.invokers.TestMethodWorker.run(TestMethodWorker.java:122)
at java.base/java.util.ArrayList.forEach(ArrayList.java:1511)
at org.testng.TestRunner.privateRun(TestRunner.java:819)
at org.testng.TestRunner.run(TestRunner.java:619)
at org.testng.SuiteRunner.runTest(SuiteRunner.java:443)
at org.testng.SuiteRunner$SuiteWorker.run(SuiteRunner.java:481)
at org.testng.internal.thread.ThreadUtil.lambda$execute$0(ThreadUtil.java:58)
at java.base/java.util.concurrent.FutureTask.run(FutureTask.java:264)
at java.base/java.util.concurrent.ThreadPoolExecutor.runWorker(ThreadPoolExecutor.java:1136)
at java.base/java.util.concurrent.ThreadPoolExecutor$Worker.run(ThreadPoolExecutor.java:635)
at java.base/java.lang.Thread.run(Thread.java:833)
Caused by: java.lang.ExceptionInInitializerError: Exception java.lang.reflect.InaccessibleObjectException: Unable to make sun.reflect.annotation.AnnotationInvocationHandler(java.lang.Class,java.util.Map) accessible: module java.base does not "opens sun.reflect.annotation" to unnamed module @1b52699c [in thread "TestNG-tests-3"]
at java.base/java.lang.reflect.AccessibleObject.checkCanSetAccessible(AccessibleObject.java:354)
at java.base/java.lang.reflect.AccessibleObject.checkCanSetAccessible(AccessibleObject.java:297)
at java.base/java.lang.reflect.Constructor.checkCanSetAccessible(Constructor.java:188)
at java.base/java.lang.reflect.Constructor.setAccessible(Constructor.java:181)
at com.zensar.utilities.RuntimeAnnotations.<clinit>(RuntimeAnnotations.java:34)
at com.zensar.runner.TestRunner1.setUpClass(TestRunner1.java:25)
... 20 more
]]>
            </full-stacktrace>
          </exception> <!-- java.lang.NoClassDefFoundError -->
          <reporter-output>
          </reporter-output>
        </test-method> <!-- setUpClass -->
        <test-method is-config="true" signature="tearDownClass()[pri:0, instance:com.zensar.runner.Debugger@23bd0c81]" started-at="2024-04-02T16:09:50 IST" name="tearDownClass" finished-at="2024-04-02T16:09:50 IST" duration-ms="5" status="PASS">
          <reporter-output>
          </reporter-output>
        </test-method> <!-- tearDownClass -->
        <test-method is-config="true" signature="teardown()[pri:0, instance:com.zensar.runner.Debugger@23bd0c81]" started-at="2024-04-02T16:09:50 IST" name="teardown" finished-at="2024-04-02T16:09:50 IST" duration-ms="0" status="SKIP">
          <reporter-output>
          </reporter-output>
        </test-method> <!-- teardown -->
      </class> <!-- com.zensar.runner.Debugger -->
    </test> <!-- Runner 2 -->
    <test started-at="2024-04-02T16:09:50 IST" name="Runner 6" finished-at="2024-04-02T16:09:50 IST" duration-ms="89">
      <class name="com.zensar.runner.TestRunner2">
        <test-method is-config="true" signature="setUpClass(java.lang.String)[pri:0, instance:com.zensar.runner.TestRunner2@4602f874]" started-at="2024-04-02T16:09:50 IST" name="setUpClass" finished-at="2024-04-02T16:09:50 IST" duration-ms="1" status="FAIL">
          <params>
            <param index="0">
              <value>
                <![CDATA[not @42]]>
              </value>
            </param>
          </params>
          <exception class="java.lang.NoClassDefFoundError">
            <message>
              <![CDATA[Could not initialize class com.zensar.utilities.RuntimeAnnotations]]>
            </message>
            <full-stacktrace>
              <![CDATA[java.lang.NoClassDefFoundError: Could not initialize class com.zensar.utilities.RuntimeAnnotations
at com.zensar.runner.TestRunner2.setUpClass(TestRunner2.java:25)
at java.base/jdk.internal.reflect.NativeMethodAccessorImpl.invoke0(Native Method)
at java.base/jdk.internal.reflect.NativeMethodAccessorImpl.invoke(NativeMethodAccessorImpl.java:77)
at java.base/jdk.internal.reflect.DelegatingMethodAccessorImpl.invoke(DelegatingMethodAccessorImpl.java:43)
at java.base/java.lang.reflect.Method.invoke(Method.java:568)
at org.testng.internal.invokers.MethodInvocationHelper.invokeMethod(MethodInvocationHelper.java:139)
at org.testng.internal.invokers.MethodInvocationHelper.invokeMethodConsideringTimeout(MethodInvocationHelper.java:69)
at org.testng.internal.invokers.ConfigInvoker.invokeConfigurationMethod(ConfigInvoker.java:393)
at org.testng.internal.invokers.ConfigInvoker.invokeConfigurations(ConfigInvoker.java:326)
at org.testng.internal.invokers.TestMethodWorker.invokeBeforeClassMethods(TestMethodWorker.java:180)
at org.testng.internal.invokers.TestMethodWorker.run(TestMethodWorker.java:122)
at java.base/java.util.ArrayList.forEach(ArrayList.java:1511)
at org.testng.TestRunner.privateRun(TestRunner.java:819)
at org.testng.TestRunner.run(TestRunner.java:619)
at org.testng.SuiteRunner.runTest(SuiteRunner.java:443)
at org.testng.SuiteRunner$SuiteWorker.run(SuiteRunner.java:481)
at org.testng.internal.thread.ThreadUtil.lambda$execute$0(ThreadUtil.java:58)
at java.base/java.util.concurrent.FutureTask.run(FutureTask.java:264)
at java.base/java.util.concurrent.ThreadPoolExecutor.runWorker(ThreadPoolExecutor.java:1136)
at java.base/java.util.concurrent.ThreadPoolExecutor$Worker.run(ThreadPoolExecutor.java:635)
at java.base/java.lang.Thread.run(Thread.java:833)
Caused by: java.lang.ExceptionInInitializerError: Exception java.lang.reflect.InaccessibleObjectException: Unable to make sun.reflect.annotation.AnnotationInvocationHandler(java.lang.Class,java.util.Map) accessible: module java.base does not "opens sun.reflect.annotation" to unnamed module @1b52699c [in thread "TestNG-tests-3"]
at java.base/java.lang.reflect.AccessibleObject.checkCanSetAccessible(AccessibleObject.java:354)
at java.base/java.lang.reflect.AccessibleObject.checkCanSetAccessible(AccessibleObject.java:297)
at java.base/java.lang.reflect.Constructor.checkCanSetAccessible(Constructor.java:188)
at java.base/java.lang.reflect.Constructor.setAccessible(Constructor.java:181)
at com.zensar.utilities.RuntimeAnnotations.<clinit>(RuntimeAnnotations.java:34)
at com.zensar.runner.TestRunner1.setUpClass(TestRunner1.java:25)
... 20 more
]]>
            </full-stacktrace>
          </exception> <!-- java.lang.NoClassDefFoundError -->
          <reporter-output>
          </reporter-output>
        </test-method> <!-- setUpClass -->
        <test-method is-config="true" signature="tearDownClass()[pri:0, instance:com.zensar.runner.TestRunner2@4602f874]" started-at="2024-04-02T16:09:50 IST" name="tearDownClass" finished-at="2024-04-02T16:09:50 IST" duration-ms="5" status="PASS">
          <reporter-output>
          </reporter-output>
        </test-method> <!-- tearDownClass -->
        <test-method is-config="true" signature="teardown()[pri:0, instance:com.zensar.runner.TestRunner2@4602f874]" started-at="2024-04-02T16:09:50 IST" name="teardown" finished-at="2024-04-02T16:09:50 IST" duration-ms="0" status="SKIP">
          <reporter-output>
          </reporter-output>
        </test-method> <!-- teardown -->
      </class> <!-- com.zensar.runner.TestRunner2 -->
    </test> <!-- Runner 6 -->
    <test started-at="2024-04-02T16:09:49 IST" name="Runner 5" finished-at="2024-04-02T16:09:50 IST" duration-ms="468">
      <class name="com.zensar.runner.TestRunner1">
        <test-method is-config="true" signature="setUpClass(java.lang.String)[pri:0, instance:com.zensar.runner.TestRunner1@10d18696]" started-at="2024-04-02T16:09:49 IST" name="setUpClass" finished-at="2024-04-02T16:09:49 IST" duration-ms="14" status="FAIL">
          <params>
            <param index="0">
              <value>
                <![CDATA[not @42]]>
              </value>
            </param>
          </params>
          <exception class="java.lang.ExceptionInInitializerError">
            <full-stacktrace>
              <![CDATA[java.lang.ExceptionInInitializerError
at com.zensar.runner.TestRunner1.setUpClass(TestRunner1.java:25)
at java.base/jdk.internal.reflect.NativeMethodAccessorImpl.invoke0(Native Method)
at java.base/jdk.internal.reflect.NativeMethodAccessorImpl.invoke(NativeMethodAccessorImpl.java:77)
at java.base/jdk.internal.reflect.DelegatingMethodAccessorImpl.invoke(DelegatingMethodAccessorImpl.java:43)
at java.base/java.lang.reflect.Method.invoke(Method.java:568)
at org.testng.internal.invokers.MethodInvocationHelper.invokeMethod(MethodInvocationHelper.java:139)
at org.testng.internal.invokers.MethodInvocationHelper.invokeMethodConsideringTimeout(MethodInvocationHelper.java:69)
at org.testng.internal.invokers.ConfigInvoker.invokeConfigurationMethod(ConfigInvoker.java:393)
at org.testng.internal.invokers.ConfigInvoker.invokeConfigurations(ConfigInvoker.java:326)
at org.testng.internal.invokers.TestMethodWorker.invokeBeforeClassMethods(TestMethodWorker.java:180)
at org.testng.internal.invokers.TestMethodWorker.run(TestMethodWorker.java:122)
at java.base/java.util.ArrayList.forEach(ArrayList.java:1511)
at org.testng.TestRunner.privateRun(TestRunner.java:819)
at org.testng.TestRunner.run(TestRunner.java:619)
at org.testng.SuiteRunner.runTest(SuiteRunner.java:443)
at org.testng.SuiteRunner$SuiteWorker.run(SuiteRunner.java:481)
at org.testng.internal.thread.ThreadUtil.lambda$execute$0(ThreadUtil.java:58)
at java.base/java.util.concurrent.FutureTask.run(FutureTask.java:264)
at java.base/java.util.concurrent.ThreadPoolExecutor.runWorker(ThreadPoolExecutor.java:1136)
at java.base/java.util.concurrent.ThreadPoolExecutor$Worker.run(ThreadPoolExecutor.java:635)
at java.base/java.lang.Thread.run(Thread.java:833)
Caused by: java.lang.reflect.InaccessibleObjectException: Unable to make sun.reflect.annotation.AnnotationInvocationHandler(java.lang.Class,java.util.Map) accessible: module java.base does not "opens sun.reflect.annotation" to unnamed module @1b52699c
at java.base/java.lang.reflect.AccessibleObject.checkCanSetAccessible(AccessibleObject.java:354)
at java.base/java.lang.reflect.AccessibleObject.checkCanSetAccessible(AccessibleObject.java:297)
at java.base/java.lang.reflect.Constructor.checkCanSetAccessible(Constructor.java:188)
at java.base/java.lang.reflect.Constructor.setAccessible(Constructor.java:181)
at com.zensar.utilities.RuntimeAnnotations.<clinit>(RuntimeAnnotations.java:34)
... 21 more
]]>
            </full-stacktrace>
          </exception> <!-- java.lang.ExceptionInInitializerError -->
          <reporter-output>
          </reporter-output>
        </test-method> <!-- setUpClass -->
        <test-method is-config="true" signature="tearDownClass()[pri:0, instance:com.zensar.runner.TestRunner1@10d18696]" started-at="2024-04-02T16:09:50 IST" name="tearDownClass" finished-at="2024-04-02T16:09:50 IST" duration-ms="5" status="PASS">
          <reporter-output>
          </reporter-output>
        </test-method> <!-- tearDownClass -->
        <test-method is-config="true" signature="teardown()[pri:0, instance:com.zensar.runner.TestRunner1@10d18696]" started-at="2024-04-02T16:09:50 IST" name="teardown" finished-at="2024-04-02T16:09:50 IST" duration-ms="0" status="SKIP">
          <reporter-output>
          </reporter-output>
        </test-method> <!-- teardown -->
      </class> <!-- com.zensar.runner.TestRunner1 -->
    </test> <!-- Runner 5 -->
    <test started-at="2024-04-02T16:09:50 IST" name="Runner 8" finished-at="2024-04-02T16:09:50 IST" duration-ms="16">
      <class name="com.zensar.runner.ASCertificationPage">
        <test-method is-config="true" signature="setUpClass(java.lang.String)[pri:0, instance:com.zensar.runner.ASCertificationPage@31ab1e67]" started-at="2024-04-02T16:09:50 IST" name="setUpClass" finished-at="2024-04-02T16:09:50 IST" duration-ms="1" status="FAIL">
          <params>
            <param index="0">
              <value>
                <![CDATA[not @42]]>
              </value>
            </param>
          </params>
          <exception class="java.lang.NoClassDefFoundError">
            <message>
              <![CDATA[Could not initialize class com.zensar.utilities.RuntimeAnnotations]]>
            </message>
            <full-stacktrace>
              <![CDATA[java.lang.NoClassDefFoundError: Could not initialize class com.zensar.utilities.RuntimeAnnotations
at com.zensar.runner.ASCertificationPage.setUpClass(ASCertificationPage.java:25)
at java.base/jdk.internal.reflect.NativeMethodAccessorImpl.invoke0(Native Method)
at java.base/jdk.internal.reflect.NativeMethodAccessorImpl.invoke(NativeMethodAccessorImpl.java:77)
at java.base/jdk.internal.reflect.DelegatingMethodAccessorImpl.invoke(DelegatingMethodAccessorImpl.java:43)
at java.base/java.lang.reflect.Method.invoke(Method.java:568)
at org.testng.internal.invokers.MethodInvocationHelper.invokeMethod(MethodInvocationHelper.java:139)
at org.testng.internal.invokers.MethodInvocationHelper.invokeMethodConsideringTimeout(MethodInvocationHelper.java:69)
at org.testng.internal.invokers.ConfigInvoker.invokeConfigurationMethod(ConfigInvoker.java:393)
at org.testng.internal.invokers.ConfigInvoker.invokeConfigurations(ConfigInvoker.java:326)
at org.testng.internal.invokers.TestMethodWorker.invokeBeforeClassMethods(TestMethodWorker.java:180)
at org.testng.internal.invokers.TestMethodWorker.run(TestMethodWorker.java:122)
at java.base/java.util.ArrayList.forEach(ArrayList.java:1511)
at org.testng.TestRunner.privateRun(TestRunner.java:819)
at org.testng.TestRunner.run(TestRunner.java:619)
at org.testng.SuiteRunner.runTest(SuiteRunner.java:443)
at org.testng.SuiteRunner$SuiteWorker.run(SuiteRunner.java:481)
at org.testng.internal.thread.ThreadUtil.lambda$execute$0(ThreadUtil.java:58)
at java.base/java.util.concurrent.FutureTask.run(FutureTask.java:264)
at java.base/java.util.concurrent.ThreadPoolExecutor.runWorker(ThreadPoolExecutor.java:1136)
at java.base/java.util.concurrent.ThreadPoolExecutor$Worker.run(ThreadPoolExecutor.java:635)
at java.base/java.lang.Thread.run(Thread.java:833)
Caused by: java.lang.ExceptionInInitializerError: Exception java.lang.reflect.InaccessibleObjectException: Unable to make sun.reflect.annotation.AnnotationInvocationHandler(java.lang.Class,java.util.Map) accessible: module java.base does not "opens sun.reflect.annotation" to unnamed module @1b52699c [in thread "TestNG-tests-3"]
at java.base/java.lang.reflect.AccessibleObject.checkCanSetAccessible(AccessibleObject.java:354)
at java.base/java.lang.reflect.AccessibleObject.checkCanSetAccessible(AccessibleObject.java:297)
at java.base/java.lang.reflect.Constructor.checkCanSetAccessible(Constructor.java:188)
at java.base/java.lang.reflect.Constructor.setAccessible(Constructor.java:181)
at com.zensar.utilities.RuntimeAnnotations.<clinit>(RuntimeAnnotations.java:34)
at com.zensar.runner.TestRunner1.setUpClass(TestRunner1.java:25)
... 20 more
]]>
            </full-stacktrace>
          </exception> <!-- java.lang.NoClassDefFoundError -->
          <reporter-output>
          </reporter-output>
        </test-method> <!-- setUpClass -->
        <test-method is-config="true" signature="tearDownClass()[pri:0, instance:com.zensar.runner.ASCertificationPage@31ab1e67]" started-at="2024-04-02T16:09:50 IST" name="tearDownClass" finished-at="2024-04-02T16:09:50 IST" duration-ms="2" status="PASS">
          <reporter-output>
          </reporter-output>
        </test-method> <!-- tearDownClass -->
        <test-method is-config="true" signature="teardown()[pri:0, instance:com.zensar.runner.ASCertificationPage@31ab1e67]" started-at="2024-04-02T16:09:50 IST" name="teardown" finished-at="2024-04-02T16:09:50 IST" duration-ms="0" status="SKIP">
          <reporter-output>
          </reporter-output>
        </test-method> <!-- teardown -->
      </class> <!-- com.zensar.runner.ASCertificationPage -->
    </test> <!-- Runner 8 -->
    <test started-at="2024-04-02T16:09:50 IST" name="Runner 7" finished-at="2024-04-02T16:09:50 IST" duration-ms="17">
      <class name="com.zensar.runner.TestRunner3">
        <test-method is-config="true" signature="setUpClass(java.lang.String)[pri:0, instance:com.zensar.runner.TestRunner3@b022551]" started-at="2024-04-02T16:09:50 IST" name="setUpClass" finished-at="2024-04-02T16:09:50 IST" duration-ms="1" status="FAIL">
          <params>
            <param index="0">
              <value>
                <![CDATA[not @42]]>
              </value>
            </param>
          </params>
          <exception class="java.lang.NoClassDefFoundError">
            <message>
              <![CDATA[Could not initialize class com.zensar.utilities.RuntimeAnnotations]]>
            </message>
            <full-stacktrace>
              <![CDATA[java.lang.NoClassDefFoundError: Could not initialize class com.zensar.utilities.RuntimeAnnotations
at com.zensar.runner.TestRunner3.setUpClass(TestRunner3.java:25)
at java.base/jdk.internal.reflect.NativeMethodAccessorImpl.invoke0(Native Method)
at java.base/jdk.internal.reflect.NativeMethodAccessorImpl.invoke(NativeMethodAccessorImpl.java:77)
at java.base/jdk.internal.reflect.DelegatingMethodAccessorImpl.invoke(DelegatingMethodAccessorImpl.java:43)
at java.base/java.lang.reflect.Method.invoke(Method.java:568)
at org.testng.internal.invokers.MethodInvocationHelper.invokeMethod(MethodInvocationHelper.java:139)
at org.testng.internal.invokers.MethodInvocationHelper.invokeMethodConsideringTimeout(MethodInvocationHelper.java:69)
at org.testng.internal.invokers.ConfigInvoker.invokeConfigurationMethod(ConfigInvoker.java:393)
at org.testng.internal.invokers.ConfigInvoker.invokeConfigurations(ConfigInvoker.java:326)
at org.testng.internal.invokers.TestMethodWorker.invokeBeforeClassMethods(TestMethodWorker.java:180)
at org.testng.internal.invokers.TestMethodWorker.run(TestMethodWorker.java:122)
at java.base/java.util.ArrayList.forEach(ArrayList.java:1511)
at org.testng.TestRunner.privateRun(TestRunner.java:819)
at org.testng.TestRunner.run(TestRunner.java:619)
at org.testng.SuiteRunner.runTest(SuiteRunner.java:443)
at org.testng.SuiteRunner$SuiteWorker.run(SuiteRunner.java:481)
at org.testng.internal.thread.ThreadUtil.lambda$execute$0(ThreadUtil.java:58)
at java.base/java.util.concurrent.FutureTask.run(FutureTask.java:264)
at java.base/java.util.concurrent.ThreadPoolExecutor.runWorker(ThreadPoolExecutor.java:1136)
at java.base/java.util.concurrent.ThreadPoolExecutor$Worker.run(ThreadPoolExecutor.java:635)
at java.base/java.lang.Thread.run(Thread.java:833)
Caused by: java.lang.ExceptionInInitializerError: Exception java.lang.reflect.InaccessibleObjectException: Unable to make sun.reflect.annotation.AnnotationInvocationHandler(java.lang.Class,java.util.Map) accessible: module java.base does not "opens sun.reflect.annotation" to unnamed module @1b52699c [in thread "TestNG-tests-3"]
at java.base/java.lang.reflect.AccessibleObject.checkCanSetAccessible(AccessibleObject.java:354)
at java.base/java.lang.reflect.AccessibleObject.checkCanSetAccessible(AccessibleObject.java:297)
at java.base/java.lang.reflect.Constructor.checkCanSetAccessible(Constructor.java:188)
at java.base/java.lang.reflect.Constructor.setAccessible(Constructor.java:181)
at com.zensar.utilities.RuntimeAnnotations.<clinit>(RuntimeAnnotations.java:34)
at com.zensar.runner.TestRunner1.setUpClass(TestRunner1.java:25)
... 20 more
]]>
            </full-stacktrace>
          </exception> <!-- java.lang.NoClassDefFoundError -->
          <reporter-output>
          </reporter-output>
        </test-method> <!-- setUpClass -->
        <test-method is-config="true" signature="tearDownClass()[pri:0, instance:com.zensar.runner.TestRunner3@b022551]" started-at="2024-04-02T16:09:50 IST" name="tearDownClass" finished-at="2024-04-02T16:09:50 IST" duration-ms="2" status="PASS">
          <reporter-output>
          </reporter-output>
        </test-method> <!-- tearDownClass -->
        <test-method is-config="true" signature="teardown()[pri:0, instance:com.zensar.runner.TestRunner3@b022551]" started-at="2024-04-02T16:09:50 IST" name="teardown" finished-at="2024-04-02T16:09:50 IST" duration-ms="0" status="SKIP">
          <reporter-output>
          </reporter-output>
        </test-method> <!-- teardown -->
      </class> <!-- com.zensar.runner.TestRunner3 -->
    </test> <!-- Runner 7 -->
    <test started-at="2024-04-02T16:09:50 IST" name="Runner 9" finished-at="2024-04-02T16:09:50 IST" duration-ms="25">
      <class name="com.zensar.runner.ASLandingPage">
        <test-method is-config="true" signature="setUpClass(java.lang.String)[pri:0, instance:com.zensar.runner.ASLandingPage@43c7fe8a]" started-at="2024-04-02T16:09:50 IST" name="setUpClass" finished-at="2024-04-02T16:09:50 IST" duration-ms="1" status="FAIL">
          <params>
            <param index="0">
              <value>
                <![CDATA[not @42]]>
              </value>
            </param>
          </params>
          <exception class="java.lang.NoClassDefFoundError">
            <message>
              <![CDATA[Could not initialize class com.zensar.utilities.RuntimeAnnotations]]>
            </message>
            <full-stacktrace>
              <![CDATA[java.lang.NoClassDefFoundError: Could not initialize class com.zensar.utilities.RuntimeAnnotations
at com.zensar.runner.ASLandingPage.setUpClass(ASLandingPage.java:25)
at java.base/jdk.internal.reflect.NativeMethodAccessorImpl.invoke0(Native Method)
at java.base/jdk.internal.reflect.NativeMethodAccessorImpl.invoke(NativeMethodAccessorImpl.java:77)
at java.base/jdk.internal.reflect.DelegatingMethodAccessorImpl.invoke(DelegatingMethodAccessorImpl.java:43)
at java.base/java.lang.reflect.Method.invoke(Method.java:568)
at org.testng.internal.invokers.MethodInvocationHelper.invokeMethod(MethodInvocationHelper.java:139)
at org.testng.internal.invokers.MethodInvocationHelper.invokeMethodConsideringTimeout(MethodInvocationHelper.java:69)
at org.testng.internal.invokers.ConfigInvoker.invokeConfigurationMethod(ConfigInvoker.java:393)
at org.testng.internal.invokers.ConfigInvoker.invokeConfigurations(ConfigInvoker.java:326)
at org.testng.internal.invokers.TestMethodWorker.invokeBeforeClassMethods(TestMethodWorker.java:180)
at org.testng.internal.invokers.TestMethodWorker.run(TestMethodWorker.java:122)
at java.base/java.util.ArrayList.forEach(ArrayList.java:1511)
at org.testng.TestRunner.privateRun(TestRunner.java:819)
at org.testng.TestRunner.run(TestRunner.java:619)
at org.testng.SuiteRunner.runTest(SuiteRunner.java:443)
at org.testng.SuiteRunner$SuiteWorker.run(SuiteRunner.java:481)
at org.testng.internal.thread.ThreadUtil.lambda$execute$0(ThreadUtil.java:58)
at java.base/java.util.concurrent.FutureTask.run(FutureTask.java:264)
at java.base/java.util.concurrent.ThreadPoolExecutor.runWorker(ThreadPoolExecutor.java:1136)
at java.base/java.util.concurrent.ThreadPoolExecutor$Worker.run(ThreadPoolExecutor.java:635)
at java.base/java.lang.Thread.run(Thread.java:833)
Caused by: java.lang.ExceptionInInitializerError: Exception java.lang.reflect.InaccessibleObjectException: Unable to make sun.reflect.annotation.AnnotationInvocationHandler(java.lang.Class,java.util.Map) accessible: module java.base does not "opens sun.reflect.annotation" to unnamed module @1b52699c [in thread "TestNG-tests-3"]
at java.base/java.lang.reflect.AccessibleObject.checkCanSetAccessible(AccessibleObject.java:354)
at java.base/java.lang.reflect.AccessibleObject.checkCanSetAccessible(AccessibleObject.java:297)
at java.base/java.lang.reflect.Constructor.checkCanSetAccessible(Constructor.java:188)
at java.base/java.lang.reflect.Constructor.setAccessible(Constructor.java:181)
at com.zensar.utilities.RuntimeAnnotations.<clinit>(RuntimeAnnotations.java:34)
at com.zensar.runner.TestRunner1.setUpClass(TestRunner1.java:25)
... 20 more
]]>
            </full-stacktrace>
          </exception> <!-- java.lang.NoClassDefFoundError -->
          <reporter-output>
          </reporter-output>
        </test-method> <!-- setUpClass -->
        <test-method is-config="true" signature="tearDownClass()[pri:0, instance:com.zensar.runner.ASLandingPage@43c7fe8a]" started-at="2024-04-02T16:09:50 IST" name="tearDownClass" finished-at="2024-04-02T16:09:50 IST" duration-ms="4" status="PASS">
          <reporter-output>
          </reporter-output>
        </test-method> <!-- tearDownClass -->
        <test-method is-config="true" signature="teardown()[pri:0, instance:com.zensar.runner.ASLandingPage@43c7fe8a]" started-at="2024-04-02T16:09:50 IST" name="teardown" finished-at="2024-04-02T16:09:50 IST" duration-ms="0" status="SKIP">
          <reporter-output>
          </reporter-output>
        </test-method> <!-- teardown -->
      </class> <!-- com.zensar.runner.ASLandingPage -->
    </test> <!-- Runner 9 -->
    <test started-at="2024-04-02T16:09:50 IST" name="Runner 12" finished-at="2024-04-02T16:09:50 IST" duration-ms="20">
      <class name="com.zensar.runner.Sanity">
        <test-method is-config="true" signature="setUpClass(java.lang.String)[pri:0, instance:com.zensar.runner.Sanity@7994a0d1]" started-at="2024-04-02T16:09:50 IST" name="setUpClass" finished-at="2024-04-02T16:09:50 IST" duration-ms="1" status="FAIL">
          <params>
            <param index="0">
              <value>
                <![CDATA[not @42]]>
              </value>
            </param>
          </params>
          <exception class="java.lang.NoClassDefFoundError">
            <message>
              <![CDATA[Could not initialize class com.zensar.utilities.RuntimeAnnotations]]>
            </message>
            <full-stacktrace>
              <![CDATA[java.lang.NoClassDefFoundError: Could not initialize class com.zensar.utilities.RuntimeAnnotations
at com.zensar.runner.Sanity.setUpClass(Sanity.java:25)
at java.base/jdk.internal.reflect.NativeMethodAccessorImpl.invoke0(Native Method)
at java.base/jdk.internal.reflect.NativeMethodAccessorImpl.invoke(NativeMethodAccessorImpl.java:77)
at java.base/jdk.internal.reflect.DelegatingMethodAccessorImpl.invoke(DelegatingMethodAccessorImpl.java:43)
at java.base/java.lang.reflect.Method.invoke(Method.java:568)
at org.testng.internal.invokers.MethodInvocationHelper.invokeMethod(MethodInvocationHelper.java:139)
at org.testng.internal.invokers.MethodInvocationHelper.invokeMethodConsideringTimeout(MethodInvocationHelper.java:69)
at org.testng.internal.invokers.ConfigInvoker.invokeConfigurationMethod(ConfigInvoker.java:393)
at org.testng.internal.invokers.ConfigInvoker.invokeConfigurations(ConfigInvoker.java:326)
at org.testng.internal.invokers.TestMethodWorker.invokeBeforeClassMethods(TestMethodWorker.java:180)
at org.testng.internal.invokers.TestMethodWorker.run(TestMethodWorker.java:122)
at java.base/java.util.ArrayList.forEach(ArrayList.java:1511)
at org.testng.TestRunner.privateRun(TestRunner.java:819)
at org.testng.TestRunner.run(TestRunner.java:619)
at org.testng.SuiteRunner.runTest(SuiteRunner.java:443)
at org.testng.SuiteRunner$SuiteWorker.run(SuiteRunner.java:481)
at org.testng.internal.thread.ThreadUtil.lambda$execute$0(ThreadUtil.java:58)
at java.base/java.util.concurrent.FutureTask.run(FutureTask.java:264)
at java.base/java.util.concurrent.ThreadPoolExecutor.runWorker(ThreadPoolExecutor.java:1136)
at java.base/java.util.concurrent.ThreadPoolExecutor$Worker.run(ThreadPoolExecutor.java:635)
at java.base/java.lang.Thread.run(Thread.java:833)
Caused by: java.lang.ExceptionInInitializerError: Exception java.lang.reflect.InaccessibleObjectException: Unable to make sun.reflect.annotation.AnnotationInvocationHandler(java.lang.Class,java.util.Map) accessible: module java.base does not "opens sun.reflect.annotation" to unnamed module @1b52699c [in thread "TestNG-tests-3"]
at java.base/java.lang.reflect.AccessibleObject.checkCanSetAccessible(AccessibleObject.java:354)
at java.base/java.lang.reflect.AccessibleObject.checkCanSetAccessible(AccessibleObject.java:297)
at java.base/java.lang.reflect.Constructor.checkCanSetAccessible(Constructor.java:188)
at java.base/java.lang.reflect.Constructor.setAccessible(Constructor.java:181)
at com.zensar.utilities.RuntimeAnnotations.<clinit>(RuntimeAnnotations.java:34)
at com.zensar.runner.TestRunner1.setUpClass(TestRunner1.java:25)
... 20 more
]]>
            </full-stacktrace>
          </exception> <!-- java.lang.NoClassDefFoundError -->
          <reporter-output>
          </reporter-output>
        </test-method> <!-- setUpClass -->
        <test-method is-config="true" signature="tearDownClass()[pri:0, instance:com.zensar.runner.Sanity@7994a0d1]" started-at="2024-04-02T16:09:50 IST" name="tearDownClass" finished-at="2024-04-02T16:09:50 IST" duration-ms="2" status="PASS">
          <reporter-output>
          </reporter-output>
        </test-method> <!-- tearDownClass -->
        <test-method is-config="true" signature="teardown()[pri:0, instance:com.zensar.runner.Sanity@7994a0d1]" started-at="2024-04-02T16:09:50 IST" name="teardown" finished-at="2024-04-02T16:09:50 IST" duration-ms="0" status="SKIP">
          <reporter-output>
          </reporter-output>
        </test-method> <!-- teardown -->
      </class> <!-- com.zensar.runner.Sanity -->
    </test> <!-- Runner 12 -->
    <test started-at="2024-04-02T16:09:50 IST" name="Runner 11" finished-at="2024-04-02T16:09:50 IST" duration-ms="33">
      <class name="com.zensar.runner.ASWorkOrderListPage">
        <test-method is-config="true" signature="setUpClass(java.lang.String)[pri:0, instance:com.zensar.runner.ASWorkOrderListPage@5d1bdd4a]" started-at="2024-04-02T16:09:50 IST" name="setUpClass" finished-at="2024-04-02T16:09:50 IST" duration-ms="2" status="FAIL">
          <params>
            <param index="0">
              <value>
                <![CDATA[not @42]]>
              </value>
            </param>
          </params>
          <exception class="java.lang.NoClassDefFoundError">
            <message>
              <![CDATA[Could not initialize class com.zensar.utilities.RuntimeAnnotations]]>
            </message>
            <full-stacktrace>
              <![CDATA[java.lang.NoClassDefFoundError: Could not initialize class com.zensar.utilities.RuntimeAnnotations
at com.zensar.runner.ASWorkOrderListPage.setUpClass(ASWorkOrderListPage.java:25)
at java.base/jdk.internal.reflect.NativeMethodAccessorImpl.invoke0(Native Method)
at java.base/jdk.internal.reflect.NativeMethodAccessorImpl.invoke(NativeMethodAccessorImpl.java:77)
at java.base/jdk.internal.reflect.DelegatingMethodAccessorImpl.invoke(DelegatingMethodAccessorImpl.java:43)
at java.base/java.lang.reflect.Method.invoke(Method.java:568)
at org.testng.internal.invokers.MethodInvocationHelper.invokeMethod(MethodInvocationHelper.java:139)
at org.testng.internal.invokers.MethodInvocationHelper.invokeMethodConsideringTimeout(MethodInvocationHelper.java:69)
at org.testng.internal.invokers.ConfigInvoker.invokeConfigurationMethod(ConfigInvoker.java:393)
at org.testng.internal.invokers.ConfigInvoker.invokeConfigurations(ConfigInvoker.java:326)
at org.testng.internal.invokers.TestMethodWorker.invokeBeforeClassMethods(TestMethodWorker.java:180)
at org.testng.internal.invokers.TestMethodWorker.run(TestMethodWorker.java:122)
at java.base/java.util.ArrayList.forEach(ArrayList.java:1511)
at org.testng.TestRunner.privateRun(TestRunner.java:819)
at org.testng.TestRunner.run(TestRunner.java:619)
at org.testng.SuiteRunner.runTest(SuiteRunner.java:443)
at org.testng.SuiteRunner$SuiteWorker.run(SuiteRunner.java:481)
at org.testng.internal.thread.ThreadUtil.lambda$execute$0(ThreadUtil.java:58)
at java.base/java.util.concurrent.FutureTask.run(FutureTask.java:264)
at java.base/java.util.concurrent.ThreadPoolExecutor.runWorker(ThreadPoolExecutor.java:1136)
at java.base/java.util.concurrent.ThreadPoolExecutor$Worker.run(ThreadPoolExecutor.java:635)
at java.base/java.lang.Thread.run(Thread.java:833)
Caused by: java.lang.ExceptionInInitializerError: Exception java.lang.reflect.InaccessibleObjectException: Unable to make sun.reflect.annotation.AnnotationInvocationHandler(java.lang.Class,java.util.Map) accessible: module java.base does not "opens sun.reflect.annotation" to unnamed module @1b52699c [in thread "TestNG-tests-3"]
at java.base/java.lang.reflect.AccessibleObject.checkCanSetAccessible(AccessibleObject.java:354)
at java.base/java.lang.reflect.AccessibleObject.checkCanSetAccessible(AccessibleObject.java:297)
at java.base/java.lang.reflect.Constructor.checkCanSetAccessible(Constructor.java:188)
at java.base/java.lang.reflect.Constructor.setAccessible(Constructor.java:181)
at com.zensar.utilities.RuntimeAnnotations.<clinit>(RuntimeAnnotations.java:34)
at com.zensar.runner.TestRunner1.setUpClass(TestRunner1.java:25)
... 20 more
]]>
            </full-stacktrace>
          </exception> <!-- java.lang.NoClassDefFoundError -->
          <reporter-output>
          </reporter-output>
        </test-method> <!-- setUpClass -->
        <test-method is-config="true" signature="tearDownClass()[pri:0, instance:com.zensar.runner.ASWorkOrderListPage@5d1bdd4a]" started-at="2024-04-02T16:09:50 IST" name="tearDownClass" finished-at="2024-04-02T16:09:50 IST" duration-ms="2" status="PASS">
          <reporter-output>
          </reporter-output>
        </test-method> <!-- tearDownClass -->
        <test-method is-config="true" signature="teardown()[pri:0, instance:com.zensar.runner.ASWorkOrderListPage@5d1bdd4a]" started-at="2024-04-02T16:09:50 IST" name="teardown" finished-at="2024-04-02T16:09:50 IST" duration-ms="0" status="SKIP">
          <reporter-output>
          </reporter-output>
        </test-method> <!-- teardown -->
      </class> <!-- com.zensar.runner.ASWorkOrderListPage -->
    </test> <!-- Runner 11 -->
    <test started-at="2024-04-02T16:09:50 IST" name="Runner 10" finished-at="2024-04-02T16:09:50 IST" duration-ms="47">
      <class name="com.zensar.runner.ASSiteListPage">
        <test-method is-config="true" signature="setUpClass(java.lang.String)[pri:0, instance:com.zensar.runner.ASSiteListPage@4f664bee]" started-at="2024-04-02T16:09:50 IST" name="setUpClass" finished-at="2024-04-02T16:09:50 IST" duration-ms="0" status="FAIL">
          <params>
            <param index="0">
              <value>
                <![CDATA[not @42]]>
              </value>
            </param>
          </params>
          <exception class="java.lang.NoClassDefFoundError">
            <message>
              <![CDATA[Could not initialize class com.zensar.utilities.RuntimeAnnotations]]>
            </message>
            <full-stacktrace>
              <![CDATA[java.lang.NoClassDefFoundError: Could not initialize class com.zensar.utilities.RuntimeAnnotations
at com.zensar.runner.ASSiteListPage.setUpClass(ASSiteListPage.java:25)
at java.base/jdk.internal.reflect.NativeMethodAccessorImpl.invoke0(Native Method)
at java.base/jdk.internal.reflect.NativeMethodAccessorImpl.invoke(NativeMethodAccessorImpl.java:77)
at java.base/jdk.internal.reflect.DelegatingMethodAccessorImpl.invoke(DelegatingMethodAccessorImpl.java:43)
at java.base/java.lang.reflect.Method.invoke(Method.java:568)
at org.testng.internal.invokers.MethodInvocationHelper.invokeMethod(MethodInvocationHelper.java:139)
at org.testng.internal.invokers.MethodInvocationHelper.invokeMethodConsideringTimeout(MethodInvocationHelper.java:69)
at org.testng.internal.invokers.ConfigInvoker.invokeConfigurationMethod(ConfigInvoker.java:393)
at org.testng.internal.invokers.ConfigInvoker.invokeConfigurations(ConfigInvoker.java:326)
at org.testng.internal.invokers.TestMethodWorker.invokeBeforeClassMethods(TestMethodWorker.java:180)
at org.testng.internal.invokers.TestMethodWorker.run(TestMethodWorker.java:122)
at java.base/java.util.ArrayList.forEach(ArrayList.java:1511)
at org.testng.TestRunner.privateRun(TestRunner.java:819)
at org.testng.TestRunner.run(TestRunner.java:619)
at org.testng.SuiteRunner.runTest(SuiteRunner.java:443)
at org.testng.SuiteRunner$SuiteWorker.run(SuiteRunner.java:481)
at org.testng.internal.thread.ThreadUtil.lambda$execute$0(ThreadUtil.java:58)
at java.base/java.util.concurrent.FutureTask.run(FutureTask.java:264)
at java.base/java.util.concurrent.ThreadPoolExecutor.runWorker(ThreadPoolExecutor.java:1136)
at java.base/java.util.concurrent.ThreadPoolExecutor$Worker.run(ThreadPoolExecutor.java:635)
at java.base/java.lang.Thread.run(Thread.java:833)
Caused by: java.lang.ExceptionInInitializerError: Exception java.lang.reflect.InaccessibleObjectException: Unable to make sun.reflect.annotation.AnnotationInvocationHandler(java.lang.Class,java.util.Map) accessible: module java.base does not "opens sun.reflect.annotation" to unnamed module @1b52699c [in thread "TestNG-tests-3"]
at java.base/java.lang.reflect.AccessibleObject.checkCanSetAccessible(AccessibleObject.java:354)
at java.base/java.lang.reflect.AccessibleObject.checkCanSetAccessible(AccessibleObject.java:297)
at java.base/java.lang.reflect.Constructor.checkCanSetAccessible(Constructor.java:188)
at java.base/java.lang.reflect.Constructor.setAccessible(Constructor.java:181)
at com.zensar.utilities.RuntimeAnnotations.<clinit>(RuntimeAnnotations.java:34)
at com.zensar.runner.TestRunner1.setUpClass(TestRunner1.java:25)
... 20 more
]]>
            </full-stacktrace>
          </exception> <!-- java.lang.NoClassDefFoundError -->
          <reporter-output>
          </reporter-output>
        </test-method> <!-- setUpClass -->
        <test-method signature="feature(com.zensar.scriptutils.PickleWrapper)[pri:0, instance:com.zensar.runner.ASSiteListPage@4f664bee]" started-at="2024-04-02T16:09:50 IST" name="feature" description="Cucmber Scenarios" data-provider="scenarios" finished-at="2024-04-02T16:09:50 IST" duration-ms="0" status="SKIP">
          <params>
            <param index="0">
              <value is-null="true"/>
            </param>
          </params>
          <exception class="java.lang.NoClassDefFoundError">
            <message>
              <![CDATA[Could not initialize class com.zensar.utilities.RuntimeAnnotations]]>
            </message>
            <full-stacktrace>
              <![CDATA[java.lang.NoClassDefFoundError: Could not initialize class com.zensar.utilities.RuntimeAnnotations
at com.zensar.runner.ASSiteListPage.setUpClass(ASSiteListPage.java:25)
at java.base/jdk.internal.reflect.NativeMethodAccessorImpl.invoke0(Native Method)
at java.base/jdk.internal.reflect.NativeMethodAccessorImpl.invoke(NativeMethodAccessorImpl.java:77)
at java.base/jdk.internal.reflect.DelegatingMethodAccessorImpl.invoke(DelegatingMethodAccessorImpl.java:43)
at java.base/java.lang.reflect.Method.invoke(Method.java:568)
at org.testng.internal.invokers.MethodInvocationHelper.invokeMethod(MethodInvocationHelper.java:139)
at org.testng.internal.invokers.MethodInvocationHelper.invokeMethodConsideringTimeout(MethodInvocationHelper.java:69)
at org.testng.internal.invokers.ConfigInvoker.invokeConfigurationMethod(ConfigInvoker.java:393)
at org.testng.internal.invokers.ConfigInvoker.invokeConfigurations(ConfigInvoker.java:326)
at org.testng.internal.invokers.TestMethodWorker.invokeBeforeClassMethods(TestMethodWorker.java:180)
at org.testng.internal.invokers.TestMethodWorker.run(TestMethodWorker.java:122)
at java.base/java.util.ArrayList.forEach(ArrayList.java:1511)
at org.testng.TestRunner.privateRun(TestRunner.java:819)
at org.testng.TestRunner.run(TestRunner.java:619)
at org.testng.SuiteRunner.runTest(SuiteRunner.java:443)
at org.testng.SuiteRunner$SuiteWorker.run(SuiteRunner.java:481)
at org.testng.internal.thread.ThreadUtil.lambda$execute$0(ThreadUtil.java:58)
at java.base/java.util.concurrent.FutureTask.run(FutureTask.java:264)
at java.base/java.util.concurrent.ThreadPoolExecutor.runWorker(ThreadPoolExecutor.java:1136)
at java.base/java.util.concurrent.ThreadPoolExecutor$Worker.run(ThreadPoolExecutor.java:635)
at java.base/java.lang.Thread.run(Thread.java:833)
Caused by: java.lang.ExceptionInInitializerError: Exception java.lang.reflect.InaccessibleObjectException: Unable to make sun.reflect.annotation.AnnotationInvocationHandler(java.lang.Class,java.util.Map) accessible: module java.base does not "opens sun.reflect.annotation" to unnamed module @1b52699c [in thread "TestNG-tests-3"]
at java.base/java.lang.reflect.AccessibleObject.checkCanSetAccessible(AccessibleObject.java:354)
at java.base/java.lang.reflect.AccessibleObject.checkCanSetAccessible(AccessibleObject.java:297)
at java.base/java.lang.reflect.Constructor.checkCanSetAccessible(Constructor.java:188)
at java.base/java.lang.reflect.Constructor.setAccessible(Constructor.java:181)
at com.zensar.utilities.RuntimeAnnotations.<clinit>(RuntimeAnnotations.java:34)
at com.zensar.runner.TestRunner1.setUpClass(TestRunner1.java:25)
... 20 more
]]>
            </full-stacktrace>
          </exception> <!-- java.lang.NoClassDefFoundError -->
          <reporter-output>
          </reporter-output>
        </test-method> <!-- feature -->
        <test-method is-config="true" signature="tearDownClass()[pri:0, instance:com.zensar.runner.ASSiteListPage@4f664bee]" started-at="2024-04-02T16:09:50 IST" name="tearDownClass" finished-at="2024-04-02T16:09:50 IST" duration-ms="14" status="PASS">
          <reporter-output>
          </reporter-output>
        </test-method> <!-- tearDownClass -->
        <test-method is-config="true" signature="teardown()[pri:0, instance:com.zensar.runner.ASSiteListPage@4f664bee]" started-at="2024-04-02T16:09:50 IST" name="teardown" finished-at="2024-04-02T16:09:50 IST" duration-ms="0" status="SKIP">
          <reporter-output>
          </reporter-output>
        </test-method> <!-- teardown -->
      </class> <!-- com.zensar.runner.ASSiteListPage -->
    </test> <!-- Runner 10 -->
    <test started-at="2024-04-02T16:09:50 IST" name="Runner 13" finished-at="2024-04-02T16:09:50 IST" duration-ms="21">
      <class name="com.zensar.runner.Regression">
        <test-method is-config="true" signature="setUpClass(java.lang.String)[pri:0, instance:com.zensar.runner.Regression@1df9186f]" started-at="2024-04-02T16:09:50 IST" name="setUpClass" finished-at="2024-04-02T16:09:50 IST" duration-ms="0" status="FAIL">
          <params>
            <param index="0">
              <value>
                <![CDATA[not @42]]>
              </value>
            </param>
          </params>
          <exception class="java.lang.NoClassDefFoundError">
            <message>
              <![CDATA[Could not initialize class com.zensar.utilities.RuntimeAnnotations]]>
            </message>
            <full-stacktrace>
              <![CDATA[java.lang.NoClassDefFoundError: Could not initialize class com.zensar.utilities.RuntimeAnnotations
at com.zensar.runner.Regression.setUpClass(Regression.java:25)
at java.base/jdk.internal.reflect.NativeMethodAccessorImpl.invoke0(Native Method)
at java.base/jdk.internal.reflect.NativeMethodAccessorImpl.invoke(NativeMethodAccessorImpl.java:77)
at java.base/jdk.internal.reflect.DelegatingMethodAccessorImpl.invoke(DelegatingMethodAccessorImpl.java:43)
at java.base/java.lang.reflect.Method.invoke(Method.java:568)
at org.testng.internal.invokers.MethodInvocationHelper.invokeMethod(MethodInvocationHelper.java:139)
at org.testng.internal.invokers.MethodInvocationHelper.invokeMethodConsideringTimeout(MethodInvocationHelper.java:69)
at org.testng.internal.invokers.ConfigInvoker.invokeConfigurationMethod(ConfigInvoker.java:393)
at org.testng.internal.invokers.ConfigInvoker.invokeConfigurations(ConfigInvoker.java:326)
at org.testng.internal.invokers.TestMethodWorker.invokeBeforeClassMethods(TestMethodWorker.java:180)
at org.testng.internal.invokers.TestMethodWorker.run(TestMethodWorker.java:122)
at java.base/java.util.ArrayList.forEach(ArrayList.java:1511)
at org.testng.TestRunner.privateRun(TestRunner.java:819)
at org.testng.TestRunner.run(TestRunner.java:619)
at org.testng.SuiteRunner.runTest(SuiteRunner.java:443)
at org.testng.SuiteRunner$SuiteWorker.run(SuiteRunner.java:481)
at org.testng.internal.thread.ThreadUtil.lambda$execute$0(ThreadUtil.java:58)
at java.base/java.util.concurrent.FutureTask.run(FutureTask.java:264)
at java.base/java.util.concurrent.ThreadPoolExecutor.runWorker(ThreadPoolExecutor.java:1136)
at java.base/java.util.concurrent.ThreadPoolExecutor$Worker.run(ThreadPoolExecutor.java:635)
at java.base/java.lang.Thread.run(Thread.java:833)
Caused by: java.lang.ExceptionInInitializerError: Exception java.lang.reflect.InaccessibleObjectException: Unable to make sun.reflect.annotation.AnnotationInvocationHandler(java.lang.Class,java.util.Map) accessible: module java.base does not "opens sun.reflect.annotation" to unnamed module @1b52699c [in thread "TestNG-tests-3"]
at java.base/java.lang.reflect.AccessibleObject.checkCanSetAccessible(AccessibleObject.java:354)
at java.base/java.lang.reflect.AccessibleObject.checkCanSetAccessible(AccessibleObject.java:297)
at java.base/java.lang.reflect.Constructor.checkCanSetAccessible(Constructor.java:188)
at java.base/java.lang.reflect.Constructor.setAccessible(Constructor.java:181)
at com.zensar.utilities.RuntimeAnnotations.<clinit>(RuntimeAnnotations.java:34)
at com.zensar.runner.TestRunner1.setUpClass(TestRunner1.java:25)
... 20 more
]]>
            </full-stacktrace>
          </exception> <!-- java.lang.NoClassDefFoundError -->
          <reporter-output>
          </reporter-output>
        </test-method> <!-- setUpClass -->
        <test-method is-config="true" signature="tearDownClass()[pri:0, instance:com.zensar.runner.Regression@1df9186f]" started-at="2024-04-02T16:09:50 IST" name="tearDownClass" finished-at="2024-04-02T16:09:50 IST" duration-ms="2" status="PASS">
          <reporter-output>
          </reporter-output>
        </test-method> <!-- tearDownClass -->
        <test-method is-config="true" signature="teardown()[pri:0, instance:com.zensar.runner.Regression@1df9186f]" started-at="2024-04-02T16:09:50 IST" name="teardown" finished-at="2024-04-02T16:09:50 IST" duration-ms="0" status="SKIP">
          <reporter-output>
          </reporter-output>
        </test-method> <!-- teardown -->
      </class> <!-- com.zensar.runner.Regression -->
    </test> <!-- Runner 13 -->
  </suite> <!-- Run1 -->
  <suite started-at="2024-04-02T16:09:50 IST" name="Conclusion Suite" finished-at="2024-04-02T16:09:50 IST" duration-ms="6">
    <groups>
    </groups>
    <test started-at="2024-04-02T16:09:50 IST" name="Conclude 1" finished-at="2024-04-02T16:09:50 IST" duration-ms="6">
      <class name="com.zensar.runner.ConcludeExecution">
        <test-method signature="stub()[pri:0, instance:com.zensar.runner.ConcludeExecution@2726a511]" started-at="2024-04-02T16:09:50 IST" name="stub" finished-at="2024-04-02T16:09:50 IST" duration-ms="1" status="PASS">
          <reporter-output>
          </reporter-output>
        </test-method> <!-- stub -->
        <test-method is-config="true" signature="endExecution()[pri:0, instance:com.zensar.runner.ConcludeExecution@2726a511]" started-at="2024-04-02T16:09:50 IST" name="endExecution" finished-at="2024-04-02T16:09:50 IST" duration-ms="5" status="PASS">
          <reporter-output>
          </reporter-output>
        </test-method> <!-- endExecution -->
      </class> <!-- com.zensar.runner.ConcludeExecution -->
    </test> <!-- Conclude 1 -->
  </suite> <!-- Conclusion Suite -->
  <suite started-at="2024-04-02T16:09:49 IST" name="Intialization Suite" finished-at="2024-04-02T16:09:49 IST" duration-ms="65">
    <groups>
    </groups>
    <test started-at="2024-04-02T16:09:49 IST" name="Init 1" finished-at="2024-04-02T16:09:49 IST" duration-ms="65">
      <class name="com.zensar.runner.InitializeExecution">
        <test-method is-config="true" signature="initializeExecutionModel()[pri:0, instance:com.zensar.runner.InitializeExecution@3dfd6220]" started-at="2024-04-02T16:09:49 IST" name="initializeExecutionModel" finished-at="2024-04-02T16:09:49 IST" duration-ms="23" status="PASS">
          <reporter-output>
          </reporter-output>
        </test-method> <!-- initializeExecutionModel -->
        <test-method signature="stub()[pri:0, instance:com.zensar.runner.InitializeExecution@3dfd6220]" started-at="2024-04-02T16:09:49 IST" name="stub" finished-at="2024-04-02T16:09:49 IST" duration-ms="1" status="PASS">
          <reporter-output>
          </reporter-output>
        </test-method> <!-- stub -->
      </class> <!-- com.zensar.runner.InitializeExecution -->
    </test> <!-- Init 1 -->
  </suite> <!-- Intialization Suite -->
</testng-results>
